Using pre-set license
Built from '2023.1/staging' branch; Version is '2023.1.12f1 (38370f5b2257) revision 3684111'; Using compiler version '192829333'; Build Type 'Release'
OS: 'Windows 10  (10.0.19045) 64bit Core' Language: 'en' Physical Memory: 32699 MB
BatchMode: 1, IsHumanControllingUs: 0, StartBugReporterOnCrash: 0, Is64bit: 1, IsPro: 1

COMMAND LINE ARGUMENTS:
C:\Program Files\Unity\Hub\Editor\2023.1.12f1\Editor\Unity.exe
-adb2
-batchMode
-noUpm
-name
AssetImportWorker2
-projectPath
C:/Users/Andrei/Desktop/Andrei/XRD-X5VR
-logFile
Logs/AssetImportWorker2.log
-srvPort
12506
Successfully changed project path to: C:/Users/Andrei/Desktop/Andrei/XRD-X5VR
C:/Users/Andrei/Desktop/Andrei/XRD-X5VR
[UnityMemory] Configuration Parameters - Can be set up in boot.config
    "memorysetup-bucket-allocator-granularity=16"
    "memorysetup-bucket-allocator-bucket-count=8"
    "memorysetup-bucket-allocator-block-size=33554432"
    "memorysetup-bucket-allocator-block-count=8"
    "memorysetup-main-allocator-block-size=16777216"
    "memorysetup-thread-allocator-block-size=16777216"
    "memorysetup-gfx-main-allocator-block-size=16777216"
    "memorysetup-gfx-thread-allocator-block-size=16777216"
    "memorysetup-cache-allocator-block-size=4194304"
    "memorysetup-typetree-allocator-block-size=2097152"
    "memorysetup-profiler-bucket-allocator-granularity=16"
    "memorysetup-profiler-bucket-allocator-bucket-count=8"
    "memorysetup-profiler-bucket-allocator-block-size=33554432"
    "memorysetup-profiler-bucket-allocator-block-count=8"
    "memorysetup-profiler-allocator-block-size=16777216"
    "memorysetup-profiler-editor-allocator-block-size=1048576"
    "memorysetup-temp-allocator-size-main=16777216"
    "memorysetup-job-temp-allocator-block-size=2097152"
    "memorysetup-job-temp-allocator-block-size-background=1048576"
    "memorysetup-job-temp-allocator-reduction-small-platforms=262144"
    "memorysetup-allocator-temp-initial-block-size-main=262144"
    "memorysetup-allocator-temp-initial-block-size-worker=262144"
    "memorysetup-temp-allocator-size-background-worker=32768"
    "memorysetup-temp-allocator-size-job-worker=262144"
    "memorysetup-temp-allocator-size-preload-manager=33554432"
    "memorysetup-temp-allocator-size-nav-mesh-worker=65536"
    "memorysetup-temp-allocator-size-audio-worker=65536"
    "memorysetup-temp-allocator-size-cloud-worker=32768"
    "memorysetup-temp-allocator-size-gi-baking-worker=262144"
    "memorysetup-temp-allocator-size-gfx=262144"
Unable to join player connection multicast group (err: 10013).
Player connection [20612] Host "[IP] 172.26.240.1 [Port] 0 [Flags] 2 [Guid] 4156991660 [EditorId] 4156991660 [Version] 1048832 [Id] WindowsEditor(7,DESKTOP-3JG145E) [Debug] 1 [PackageName] WindowsEditor [ProjectName] Editor" joined alternative multi-casting on [225.0.0.222:34997]...

[Physics::Module] Initialized MultithreadedJobDispatcher with 15 workers.
Library Redirect Path: Library/Refreshing native plugins compatible for Editor in 3385.42 ms, found 12 plugins.
Preloading 1 native plugins for Editor in 0.67 ms.
Initialize engine version: 2023.1.12f1 (38370f5b2257)
[Subsystems] Discovering subsystems at path C:/Program Files/Unity/Hub/Editor/2023.1.12f1/Editor/Data/Resources/UnitySubsystems
[Subsystems] Discovering subsystems at path C:/Users/Andrei/Desktop/Andrei/XRD-X5VR/Assets
GfxDevice: creating device client; threaded=0; jobified=0
Direct3D:
    Version:  Direct3D 11.0 [level 11.1]
    Renderer: NVIDIA GeForce RTX 2080 SUPER (ID=0x1e81)
    Vendor:   NVIDIA
    VRAM:     8001 MB
    Driver:   31.0.15.3758
Initialize mono
Mono path[0] = 'C:/Program Files/Unity/Hub/Editor/2023.1.12f1/Editor/Data/Managed'
Mono path[1] = 'C:/Program Files/Unity/Hub/Editor/2023.1.12f1/Editor/Data/MonoBleedingEdge/lib/mono/unityjit-win32'
Mono config path = 'C:/Program Files/Unity/Hub/Editor/2023.1.12f1/Editor/Data/MonoBleedingEdge/etc'
Using monoOptions --debugger-agent=transport=dt_socket,embedding=1,server=y,suspend=n,address=127.0.0.1:56696
Begin MonoManager ReloadAssembly
C:\build\output\Unity-Technologies\mono\mono\metadata\icall.c:1842:
C:\build\output\Unity-Technologies\mono\mono\metadata\icall.c:1842:
C:\build\output\Unity-Technologies\mono\mono\metadata\icall.c:1842:
C:\build\output\Unity-Technologies\mono\mono\metadata\icall.c:1842:
C:\build\output\Unity-Technologies\mono\mono\metadata\icall.c:1842:
C:\build\output\Unity-Technologies\mono\mono\metadata\icall.c:1842:
C:\build\output\Unity-Technologies\mono\mono\metadata\icall.c:1842:
C:\build\output\Unity-Technologies\mono\mono\metadata\icall.c:1842:
C:\build\output\Unity-Technologies\mono\mono\metadata\icall.c:1842:
C:\build\output\Unity-Technologies\mono\mono\metadata\icall.c:1842:
Registering precompiled unity dll's ...
Register platform support module: C:/Program Files/Unity/Hub/Editor/2023.1.12f1/Editor/Data/PlaybackEngines/WindowsStandaloneSupport/UnityEditor.WindowsStandalone.Extensions.dll
Register platform support module: C:/Program Files/Unity/Hub/Editor/2023.1.12f1/Editor/Data/PlaybackEngines/AndroidPlayer/UnityEditor.Android.Extensions.dll
Registered in 0.220374 seconds.
- Loaded All Assemblies, in  6.109 seconds
Native extension for Android target not found
Android Extension - Scanning For ADB Devices 397 ms
Native extension for WindowsStandalone target not found
Mono: successfully reloaded assembly
C:\build\output\Unity-Technologies\mono\mono\metadata\icall.c:1842:
C:\build\output\Unity-Technologies\mono\mono\metadata\icall.c:1842:
- Finished resetting the current domain, in  0.717 seconds
Domain Reload Profiling: 6822ms
	BeginReloadAssembly (4407ms)
		ExecutionOrderSort (0ms)
		DisableScriptedObjects (0ms)
		BackupInstance (0ms)
		ReleaseScriptingObjects (0ms)
		CreateAndSetChildDomain (1ms)
	RebuildCommonClasses (321ms)
	RebuildNativeTypeToScriptingClass (10ms)
	initialDomainReloadingComplete (266ms)
	LoadAllAssembliesAndSetupDomain (1100ms)
		LoadAssemblies (4404ms)
		RebuildTransferFunctionScriptingTraits (0ms)
		AnalyzeDomain (1093ms)
			TypeCache.Refresh (1092ms)
				TypeCache.ScanAssembly (893ms)
			ScanForSourceGeneratedMonoScriptInfo (0ms)
			ResolveRequiredComponents (1ms)
	FinalizeReload (717ms)
		ReleaseScriptCaches (0ms)
		RebuildScriptCaches (0ms)
		SetupLoadedEditorAssemblies (678ms)
			LogAssemblyErrors (0ms)
			InitializePlatformSupportModulesInManaged (504ms)
			SetLoadedEditorAssemblies (2ms)
			BeforeProcessingInitializeOnLoad (6ms)
			ProcessInitializeOnLoadAttributes (108ms)
			ProcessInitializeOnLoadMethodAttributes (57ms)
			AfterProcessingInitializeOnLoad (0ms)
			EditorAssembliesLoaded (0ms)
		ExecutionOrderSort2 (0ms)
		AwakeInstancesAfterBackupRestoration (0ms)
========================================================================
Worker process is ready to serve import requests
Import Worker Mode flag is 0x00
Begin MonoManager ReloadAssembly
C:\build\output\Unity-Technologies\mono\mono\metadata\icall.c:1842:
C:\build\output\Unity-Technologies\mono\mono\metadata\icall.c:1842:
C:\build\output\Unity-Technologies\mono\mono\metadata\icall.c:1842:
C:\build\output\Unity-Technologies\mono\mono\metadata\icall.c:1842:
C:\build\output\Unity-Technologies\mono\mono\metadata\icall.c:1842:
C:\build\output\Unity-Technologies\mono\mono\metadata\icall.c:1842:
C:\build\output\Unity-Technologies\mono\mono\metadata\icall.c:1842:
C:\build\output\Unity-Technologies\mono\mono\metadata\icall.c:1842:
C:\build\output\Unity-Technologies\mono\mono\metadata\icall.c:1842:
C:\build\output\Unity-Technologies\mono\mono\metadata\icall.c:1842:
C:\build\output\Unity-Technologies\mono\mono\metadata\icall.c:1842:
C:\build\output\Unity-Technologies\mono\mono\metadata\icall.c:1842:
Symbol file LoadedFromMemory doesn't match image C:\Users\Andrei\Desktop\Andrei\XRD-X5VR\Library\PackageCache\com.unity.visualscripting@1.8.0\Editor\VisualScripting.Core\Dependencies\YamlDotNet\Unity.VisualScripting.YamlDotNet.dll
Symbol file LoadedFromMemory doesn't match image C:\Users\Andrei\Desktop\Andrei\XRD-X5VR\Library\PackageCache\com.unity.visualscripting@1.8.0\Editor\VisualScripting.Core\Dependencies\DotNetZip\Unity.VisualScripting.IonicZip.dll
- Loaded All Assemblies, in  6.210 seconds
Refreshing native plugins compatible for Editor in 12.75 ms, found 12 plugins.
Native extension for Android target not found
Native extension for WindowsStandalone target not found
Package Manager log level set to [2]
[Package Manager] Failed to launch server process. Reason: Unity was launched with the -noUpm command-line argument
[Package Manager] Unable to send message (not connected to server process).
[Package Manager] Cannot connect to Unity Package Manager local server
System.Reflection.TargetInvocationException: Exception has been thrown by the target of an invocation. ---> System.NullReferenceException: Object reference not set to an instance of an object
  at Unity.XR.Oculus.OculusLoader.AssetPathToAbsolutePath (System.String assetPath) [0x0003d] in .\Library\PackageCache\com.unity.xr.oculus@4.0.0\Runtime\OculusLoader.cs:282 
  at Unity.XR.Oculus.OculusLoader.EditorLoadOVRPlugin () [0x0007b] in .\Library\PackageCache\com.unity.xr.oculus@4.0.0\Runtime\OculusLoader.cs:267 
  at (wrapper managed-to-native) System.Reflection.RuntimeMethodInfo.InternalInvoke(System.Reflection.RuntimeMethodInfo,object,object[],System.Exception&)
  at System.Reflection.RuntimeMethodInfo.Invoke (System.Object obj, System.Reflection.BindingFlags invokeAttr, System.Reflection.Binder binder, System.Object[] parameters, System.Globalization.CultureInfo culture) [0x0006a] in <fb9cb1df970c4c34a7934ab4caf453a1>:0 
   --- End of inner exception stack trace ---
  at System.Reflection.RuntimeMethodInfo.Invoke (System.Object obj, System.Reflection.BindingFlags invokeAttr, System.Reflection.Binder binder, System.Object[] parameters, System.Globalization.CultureInfo culture) [0x00083] in <fb9cb1df970c4c34a7934ab4caf453a1>:0 
  at System.Reflection.MethodBase.Invoke (System.Object obj, System.Object[] parameters) [0x00000] in <fb9cb1df970c4c34a7934ab4caf453a1>:0 
  at UnityEditor.EditorAssemblies.ProcessInitializeOnLoadMethodAttributes () [0x00056] in <0be88e8ab6e346e9aff7a2ef25f50b89>:0 
UnityEngine.StackTraceUtility:ExtractStackTrace ()
UnityEngine.DebugLogHandler:Internal_Log (UnityEngine.LogType,UnityEngine.LogOption,string,UnityEngine.Object)
UnityEngine.DebugLogHandler:LogFormat (UnityEngine.LogType,UnityEngine.Object,string,object[])
UnityEngine.Logger:Log (UnityEngine.LogType,object)
UnityEngine.Debug:LogError (object)
UnityEditor.EditorAssemblies:ProcessInitializeOnLoadMethodAttributes ()

Mono: successfully reloaded assembly
[Package Manager] Failed to launch server process. Reason: Unity was launched with the -noUpm command-line argument
[Package Manager] Unable to send message (not connected to server process).
[Package Manager] Cannot connect to Unity Package Manager local server
[Package Manager] Failed to launch server process. Reason: Unity was launched with the -noUpm command-line argument
[Package Manager] Unable to send message (not connected to server process).
[Package Manager] Cannot connect to Unity Package Manager local server
- Finished resetting the current domain, in  0.703 seconds
Domain Reload Profiling: 6906ms
	BeginReloadAssembly (265ms)
		ExecutionOrderSort (0ms)
		DisableScriptedObjects (6ms)
		BackupInstance (0ms)
		ReleaseScriptingObjects (0ms)
		CreateAndSetChildDomain (30ms)
	RebuildCommonClasses (33ms)
	RebuildNativeTypeToScriptingClass (15ms)
	initialDomainReloadingComplete (38ms)
	LoadAllAssembliesAndSetupDomain (5852ms)
		LoadAssemblies (5318ms)
		RebuildTransferFunctionScriptingTraits (0ms)
		AnalyzeDomain (628ms)
			TypeCache.Refresh (601ms)
				TypeCache.ScanAssembly (555ms)
			ScanForSourceGeneratedMonoScriptInfo (21ms)
			ResolveRequiredComponents (6ms)
	FinalizeReload (704ms)
		ReleaseScriptCaches (0ms)
		RebuildScriptCaches (0ms)
		SetupLoadedEditorAssemblies (492ms)
			LogAssemblyErrors (0ms)
			InitializePlatformSupportModulesInManaged (20ms)
			SetLoadedEditorAssemblies (4ms)
			BeforeProcessingInitializeOnLoad (97ms)
			ProcessInitializeOnLoadAttributes (309ms)
			ProcessInitializeOnLoadMethodAttributes (55ms)
			AfterProcessingInitializeOnLoad (7ms)
			EditorAssembliesLoaded (0ms)
		ExecutionOrderSort2 (0ms)
		AwakeInstancesAfterBackupRestoration (7ms)
Launched and connected shader compiler UnityShaderCompiler.exe after 0.03 seconds
Refreshing native plugins compatible for Editor in 13.22 ms, found 12 plugins.
Preloading 1 native plugins for Editor in 0.08 ms.
Unloading 4574 Unused Serialized files (Serialized files now loaded: 0)
Unloading 77 unused Assets / (69.6 KB). Loaded Objects now: 5127.
Memory consumption went from 157.8 MB to 157.7 MB.
Total: 4.864600 ms (FindLiveObjects: 0.356400 ms CreateObjectMapping: 0.365100 ms MarkObjects: 4.011600 ms  DeleteObjects: 0.130600 ms)

AssetImportParameters requested are different than current active one (requested -> active):
  custom:video-decoder-webm-vp8: 9c59270c3fd7afecdb556c50c9e8de78 -> 
  custom:audio-encoder-webm-vorbis: bf7c407c2cedff20999df2af8eb42d56 -> 
  custom:AudioImporter_EditorPlatform: d09bf68614088b80899f8185d706f6e7 -> 
  custom:audio-decoder-ogg-vorbis: bf7c407c2cedff20999df2af8eb42d56 -> 
  custom:video-encoder-webm-vp8: eb34c28f22e8b96e1ab97ce403110664 -> 
  custom:container-demuxer-ogg: 62fdf1f143b41e24485cea50d1cbac27 -> 
  custom:framework-win-MediaFoundation: 216162199b28c13a410421893ffa2e32 -> 
  custom:video-decoder-ogg-theora: a1e56fd34408186e4bbccfd4996cb3dc -> 
  custom:container-muxer-webm: aa71ff27fc2769a1b78a27578f13a17b -> 
  custom:video-codec-MediaFoundation-h265: 746d11721c4dcdbdad8f713fa42b33f4 -> 
  custom:container-demuxer-webm: 4f35f7cbe854078d1ac9338744f61a02 -> 
========================================================================
Received Prepare
Refreshing native plugins compatible for Editor in 14.10 ms, found 12 plugins.
Preloading 1 native plugins for Editor in 0.09 ms.
Unloading 1 Unused Serialized files (Serialized files now loaded: 0)
Unloading 1 unused Assets / (3.0 KB). Loaded Objects now: 5127.
Memory consumption went from 85.6 MB to 85.5 MB.
Total: 4.376900 ms (FindLiveObjects: 0.394500 ms CreateObjectMapping: 0.351900 ms MarkObjects: 3.606900 ms  DeleteObjects: 0.022900 ms)

Prepare: number of updated asset objects reloaded= 0
AssetImportParameters requested are different than current active one (requested -> active):
  custom:video-decoder-webm-vp8: 9c59270c3fd7afecdb556c50c9e8de78 -> 
  custom:SearchIndexIgnoredProperties: e643bd26f0fe6173181afceb89e7c659 -> 
  custom:audio-encoder-webm-vorbis: bf7c407c2cedff20999df2af8eb42d56 -> 
  custom:AudioImporter_EditorPlatform: d09bf68614088b80899f8185d706f6e7 -> 
  custom:audio-decoder-ogg-vorbis: bf7c407c2cedff20999df2af8eb42d56 -> 
  custom:video-encoder-webm-vp8: eb34c28f22e8b96e1ab97ce403110664 -> 
  custom:container-demuxer-ogg: 62fdf1f143b41e24485cea50d1cbac27 -> 
  custom:framework-win-MediaFoundation: 216162199b28c13a410421893ffa2e32 -> 
  custom:video-decoder-ogg-theora: a1e56fd34408186e4bbccfd4996cb3dc -> 
  custom:container-muxer-webm: aa71ff27fc2769a1b78a27578f13a17b -> 
  custom:video-codec-MediaFoundation-h265: 746d11721c4dcdbdad8f713fa42b33f4 -> 
  custom:CustomObjectIndexerAttribute: 756ad292c208cfabdd7b50bc23989ffe -> 
  custom:container-demuxer-webm: 4f35f7cbe854078d1ac9338744f61a02 -> 
========================================================================
Received Prepare
Begin MonoManager ReloadAssembly
C:\build\output\Unity-Technologies\mono\mono\metadata\icall.c:1842:
C:\build\output\Unity-Technologies\mono\mono\metadata\icall.c:1842:
C:\build\output\Unity-Technologies\mono\mono\metadata\icall.c:1842:
C:\build\output\Unity-Technologies\mono\mono\metadata\icall.c:1842:
C:\build\output\Unity-Technologies\mono\mono\metadata\icall.c:1842:
C:\build\output\Unity-Technologies\mono\mono\metadata\icall.c:1842:
C:\build\output\Unity-Technologies\mono\mono\metadata\icall.c:1842:
C:\build\output\Unity-Technologies\mono\mono\metadata\icall.c:1842:
C:\build\output\Unity-Technologies\mono\mono\metadata\icall.c:1842:
C:\build\output\Unity-Technologies\mono\mono\metadata\icall.c:1842:
C:\build\output\Unity-Technologies\mono\mono\metadata\icall.c:1842:
C:\build\output\Unity-Technologies\mono\mono\metadata\icall.c:1842:
Symbol file LoadedFromMemory doesn't match image C:\Users\Andrei\Desktop\Andrei\XRD-X5VR\Library\PackageCache\com.unity.visualscripting@1.8.0\Editor\VisualScripting.Core\Dependencies\YamlDotNet\Unity.VisualScripting.YamlDotNet.dll
Symbol file LoadedFromMemory doesn't match image C:\Users\Andrei\Desktop\Andrei\XRD-X5VR\Library\PackageCache\com.unity.visualscripting@1.8.0\Editor\VisualScripting.Core\Dependencies\DotNetZip\Unity.VisualScripting.IonicZip.dll
- Loaded All Assemblies, in  0.922 seconds
Refreshing native plugins compatible for Editor in 13.20 ms, found 12 plugins.
Native extension for Android target not found
Native extension for WindowsStandalone target not found
[Package Manager] Failed to launch server process. Reason: Unity was launched with the -noUpm command-line argument
[Package Manager] Unable to send message (not connected to server process).
[Package Manager] Cannot connect to Unity Package Manager local server
System.Reflection.TargetInvocationException: Exception has been thrown by the target of an invocation. ---> System.NullReferenceException: Object reference not set to an instance of an object
  at Unity.XR.Oculus.OculusLoader.AssetPathToAbsolutePath (System.String assetPath) [0x0003d] in .\Library\PackageCache\com.unity.xr.oculus@4.0.0\Runtime\OculusLoader.cs:282 
  at Unity.XR.Oculus.OculusLoader.EditorLoadOVRPlugin () [0x0007b] in .\Library\PackageCache\com.unity.xr.oculus@4.0.0\Runtime\OculusLoader.cs:267 
  at (wrapper managed-to-native) System.Reflection.RuntimeMethodInfo.InternalInvoke(System.Reflection.RuntimeMethodInfo,object,object[],System.Exception&)
  at System.Reflection.RuntimeMethodInfo.Invoke (System.Object obj, System.Reflection.BindingFlags invokeAttr, System.Reflection.Binder binder, System.Object[] parameters, System.Globalization.CultureInfo culture) [0x0006a] in <fb9cb1df970c4c34a7934ab4caf453a1>:0 
   --- End of inner exception stack trace ---
  at System.Reflection.RuntimeMethodInfo.Invoke (System.Object obj, System.Reflection.BindingFlags invokeAttr, System.Reflection.Binder binder, System.Object[] parameters, System.Globalization.CultureInfo culture) [0x00083] in <fb9cb1df970c4c34a7934ab4caf453a1>:0 
  at System.Reflection.MethodBase.Invoke (System.Object obj, System.Object[] parameters) [0x00000] in <fb9cb1df970c4c34a7934ab4caf453a1>:0 
  at UnityEditor.EditorAssemblies.ProcessInitializeOnLoadMethodAttributes () [0x00056] in <0be88e8ab6e346e9aff7a2ef25f50b89>:0 
UnityEngine.StackTraceUtility:ExtractStackTrace ()
UnityEngine.DebugLogHandler:Internal_Log (UnityEngine.LogType,UnityEngine.LogOption,string,UnityEngine.Object)
UnityEngine.DebugLogHandler:LogFormat (UnityEngine.LogType,UnityEngine.Object,string,object[])
UnityEngine.Logger:Log (UnityEngine.LogType,object)
UnityEngine.Debug:LogError (object)
UnityEditor.EditorAssemblies:ProcessInitializeOnLoadMethodAttributes ()

Mono: successfully reloaded assembly
[Package Manager] Failed to launch server process. Reason: Unity was launched with the -noUpm command-line argument
[Package Manager] Unable to send message (not connected to server process).
[Package Manager] Cannot connect to Unity Package Manager local server
- Finished resetting the current domain, in  1.008 seconds
Domain Reload Profiling: 1919ms
	BeginReloadAssembly (197ms)
		ExecutionOrderSort (0ms)
		DisableScriptedObjects (6ms)
		BackupInstance (0ms)
		ReleaseScriptingObjects (0ms)
		CreateAndSetChildDomain (49ms)
	RebuildCommonClasses (56ms)
	RebuildNativeTypeToScriptingClass (20ms)
	initialDomainReloadingComplete (41ms)
	LoadAllAssembliesAndSetupDomain (597ms)
		LoadAssemblies (353ms)
		RebuildTransferFunctionScriptingTraits (0ms)
		AnalyzeDomain (334ms)
			TypeCache.Refresh (328ms)
				TypeCache.ScanAssembly (315ms)
			ScanForSourceGeneratedMonoScriptInfo (0ms)
			ResolveRequiredComponents (6ms)
	FinalizeReload (1009ms)
		ReleaseScriptCaches (0ms)
		RebuildScriptCaches (0ms)
		SetupLoadedEditorAssemblies (433ms)
			LogAssemblyErrors (0ms)
			InitializePlatformSupportModulesInManaged (21ms)
			SetLoadedEditorAssemblies (3ms)
			BeforeProcessingInitializeOnLoad (97ms)
			ProcessInitializeOnLoadAttributes (265ms)
			ProcessInitializeOnLoadMethodAttributes (38ms)
			AfterProcessingInitializeOnLoad (10ms)
			EditorAssembliesLoaded (0ms)
		ExecutionOrderSort2 (0ms)
		AwakeInstancesAfterBackupRestoration (8ms)
Refreshing native plugins compatible for Editor in 14.11 ms, found 12 plugins.
Preloading 1 native plugins for Editor in 0.08 ms.
Unloading 4550 Unused Serialized files (Serialized files now loaded: 0)
Unloading 53 unused Assets / (47.5 KB). Loaded Objects now: 5129.
Memory consumption went from 154.7 MB to 154.7 MB.
Total: 4.868800 ms (FindLiveObjects: 0.424400 ms CreateObjectMapping: 0.501200 ms MarkObjects: 3.850900 ms  DeleteObjects: 0.091000 ms)

Prepare: number of updated asset objects reloaded= 0
AssetImportParameters requested are different than current active one (requested -> active):
  custom:video-decoder-webm-vp8: 9c59270c3fd7afecdb556c50c9e8de78 -> 
  custom:SearchIndexIgnoredProperties: e643bd26f0fe6173181afceb89e7c659 -> 
  custom:audio-encoder-webm-vorbis: bf7c407c2cedff20999df2af8eb42d56 -> 
  custom:AudioImporter_EditorPlatform: d09bf68614088b80899f8185d706f6e7 -> 
  custom:audio-decoder-ogg-vorbis: bf7c407c2cedff20999df2af8eb42d56 -> 
  custom:video-encoder-webm-vp8: eb34c28f22e8b96e1ab97ce403110664 -> 
  custom:container-demuxer-ogg: 62fdf1f143b41e24485cea50d1cbac27 -> 
  custom:framework-win-MediaFoundation: 216162199b28c13a410421893ffa2e32 -> 
  custom:video-decoder-ogg-theora: a1e56fd34408186e4bbccfd4996cb3dc -> 
  custom:container-muxer-webm: aa71ff27fc2769a1b78a27578f13a17b -> 
  custom:video-codec-MediaFoundation-h265: 746d11721c4dcdbdad8f713fa42b33f4 -> 
  custom:CustomObjectIndexerAttribute: 756ad292c208cfabdd7b50bc23989ffe -> 
  custom:container-demuxer-webm: 4f35f7cbe854078d1ac9338744f61a02 -> 
========================================================================
Received Import Request.
  Time since last request: 31566.546539 seconds.
  path: Assets/kitchen props/models/bowl.fbx
  artifactKey: Guid(d8c8787ffb0f3b5468fd65d51731b7de) Importer(815301076,1909f56bfc062723c751e8b465ee728b)
Start importing Assets/kitchen props/models/bowl.fbx using Guid(d8c8787ffb0f3b5468fd65d51731b7de) Importer(815301076,1909f56bfc062723c751e8b465ee728b)  -> (artifact id: 'd8f39579a95bbf86d60f15161e8e7323') in 0.384248 seconds
Number of updated asset objects reloaded before import = 0
Number of asset objects unloaded after import = 12
========================================================================
Received Import Request.
  Time since last request: 0.000026 seconds.
  path: Assets/kitchen props/models/stool.fbx
  artifactKey: Guid(a9a2fe8bb1566d04382f04d14066f8a9) Importer(815301076,1909f56bfc062723c751e8b465ee728b)
Start importing Assets/kitchen props/models/stool.fbx using Guid(a9a2fe8bb1566d04382f04d14066f8a9) Importer(815301076,1909f56bfc062723c751e8b465ee728b)  -> (artifact id: '9f6369d49c882ff11374a7b3b458e69f') in 0.120988 seconds
Number of updated asset objects reloaded before import = 0
Number of asset objects unloaded after import = 19
========================================================================
Received Import Request.
  Time since last request: 0.000036 seconds.
  path: Assets/kitchen props/models/coloured-mugs.fbx
  artifactKey: Guid(bc8c29201cb724446a7429fabead425c) Importer(815301076,1909f56bfc062723c751e8b465ee728b)
Start importing Assets/kitchen props/models/coloured-mugs.fbx using Guid(bc8c29201cb724446a7429fabead425c) Importer(815301076,1909f56bfc062723c751e8b465ee728b)  -> (artifact id: 'af3f14f7ec8f00b058feb9ea23f41d2f') in 0.128740 seconds
Number of updated asset objects reloaded before import = 0
Number of asset objects unloaded after import = 29
========================================================================
Received Import Request.
  Time since last request: 0.000024 seconds.
  path: Assets/kitchen props/models/dish-rack.fbx
  artifactKey: Guid(dbfd5a0d3687f5943866e159c822d788) Importer(815301076,1909f56bfc062723c751e8b465ee728b)
Start importing Assets/kitchen props/models/dish-rack.fbx using Guid(dbfd5a0d3687f5943866e159c822d788) Importer(815301076,1909f56bfc062723c751e8b465ee728b)  -> (artifact id: '5dae0a2c1557e6b2c6eb5e3984c675eb') in 0.155121 seconds
Number of updated asset objects reloaded before import = 0
Number of asset objects unloaded after import = 12
========================================================================
Received Import Request.
  Time since last request: 0.000027 seconds.
  path: Assets/kitchen props/models/china-plate.fbx
  artifactKey: Guid(817905816aef5fb48a1e7cbf50582155) Importer(815301076,1909f56bfc062723c751e8b465ee728b)
Start importing Assets/kitchen props/models/china-plate.fbx using Guid(817905816aef5fb48a1e7cbf50582155) Importer(815301076,1909f56bfc062723c751e8b465ee728b)  -> (artifact id: '5333f12c448a4f77cecaeacddb8e93f0') in 0.177722 seconds
Number of updated asset objects reloaded before import = 0
Number of asset objects unloaded after import = 29
========================================================================
Received Import Request.
  Time since last request: 2.763797 seconds.
  path: Assets/kitchen props/prefabs/bowl-stack.prefab
  artifactKey: Guid(8e763244a885c464895bf17d3f12fde4) Importer(815301076,1909f56bfc062723c751e8b465ee728b)
Start importing Assets/kitchen props/prefabs/bowl-stack.prefab using Guid(8e763244a885c464895bf17d3f12fde4) Importer(815301076,1909f56bfc062723c751e8b465ee728b)  -> (artifact id: '2b49905a605879f9e6fcebd0da6a074d') in 0.095906 seconds
Number of updated asset objects reloaded before import = 0
Number of asset objects unloaded after import = 20
========================================================================
Received Import Request.
  Time since last request: 0.000026 seconds.
  path: Assets/kitchen props/prefabs/plate-stack-large.prefab
  artifactKey: Guid(d27f67e930be4c64db19d14ca6201d12) Importer(815301076,1909f56bfc062723c751e8b465ee728b)
Start importing Assets/kitchen props/prefabs/plate-stack-large.prefab using Guid(d27f67e930be4c64db19d14ca6201d12) Importer(815301076,1909f56bfc062723c751e8b465ee728b)  -> (artifact id: 'c90767d2e699a82d3bdbc6e5b9d0050d') in 0.064631 seconds
Number of updated asset objects reloaded before import = 0
Number of asset objects unloaded after import = 32
========================================================================
Received Import Request.
  Time since last request: 0.000044 seconds.
  path: Assets/kitchen props/prefabs/plate-stack-small.prefab
  artifactKey: Guid(2b2f272f9ab448a429a68c3a3308d4fc) Importer(815301076,1909f56bfc062723c751e8b465ee728b)
Start importing Assets/kitchen props/prefabs/plate-stack-small.prefab using Guid(2b2f272f9ab448a429a68c3a3308d4fc) Importer(815301076,1909f56bfc062723c751e8b465ee728b)  -> (artifact id: 'c370e9be8410d5b9344f9c88a52d973e') in 0.077043 seconds
Number of updated asset objects reloaded before import = 0
Number of asset objects unloaded after import = 20
========================================================================
Received Import Request.
  Time since last request: 447.900933 seconds.
  path: Assets/Kitchen Asset/FBX/BottleMilk/Bottle/Materials/Bottle_DefaultMaterial_AlbedoTransparency.tga
  artifactKey: Guid(8e7eda9494e3d0640b9355b55eef2b53) Importer(815301076,1909f56bfc062723c751e8b465ee728b)
Start importing Assets/Kitchen Asset/FBX/BottleMilk/Bottle/Materials/Bottle_DefaultMaterial_AlbedoTransparency.tga using Guid(8e7eda9494e3d0640b9355b55eef2b53) Importer(815301076,1909f56bfc062723c751e8b465ee728b)  -> (artifact id: 'aa368af85b7b4c45ec0cf0f2296b6c4f') in 0.049457 seconds
Number of updated asset objects reloaded before import = 0
Number of asset objects unloaded after import = 2
========================================================================
Received Import Request.
  Time since last request: 0.007856 seconds.
  path: Assets/Kitchen Asset/FBX/BottleMilk/Bottle/Materials/Bottle_DefaultMaterial_MetallicSmoothness.tga
  artifactKey: Guid(9a8ff186e6f30404881bae5a0d8b8ee6) Importer(815301076,1909f56bfc062723c751e8b465ee728b)
Start importing Assets/Kitchen Asset/FBX/BottleMilk/Bottle/Materials/Bottle_DefaultMaterial_MetallicSmoothness.tga using Guid(9a8ff186e6f30404881bae5a0d8b8ee6) Importer(815301076,1909f56bfc062723c751e8b465ee728b)  -> (artifact id: 'd406e7d741318a81807683096599356f') in 0.036879 seconds
Number of updated asset objects reloaded before import = 0
Number of asset objects unloaded after import = 2
========================================================================
Received Import Request.
  Time since last request: 0.000044 seconds.
  path: Assets/kitchen props/textures/breakfast-bar_albedo.tga
  artifactKey: Guid(5adda16a69ee68c4cac7d40076111790) Importer(815301076,1909f56bfc062723c751e8b465ee728b)
Start importing Assets/kitchen props/textures/breakfast-bar_albedo.tga using Guid(5adda16a69ee68c4cac7d40076111790) Importer(815301076,1909f56bfc062723c751e8b465ee728b)  -> (artifact id: '9580a19bd02c84d3a57790f7e66964b6') in 0.045050 seconds
Number of updated asset objects reloaded before import = 0
Number of asset objects unloaded after import = 2
========================================================================
Received Import Request.
  Time since last request: 0.000025 seconds.
  path: Assets/Kitchen Asset/FBX/CornFlakes/Materials/CornFlakes_DefaultMaterial_AlbedoTransparency.tga
  artifactKey: Guid(6edb4036304fdcf4cbe1c42b6d247791) Importer(815301076,1909f56bfc062723c751e8b465ee728b)
Start importing Assets/Kitchen Asset/FBX/CornFlakes/Materials/CornFlakes_DefaultMaterial_AlbedoTransparency.tga using Guid(6edb4036304fdcf4cbe1c42b6d247791) Importer(815301076,1909f56bfc062723c751e8b465ee728b)  -> (artifact id: '6db32088c08e596112873beff32b84b3') in 0.045043 seconds
Number of updated asset objects reloaded before import = 0
Number of asset objects unloaded after import = 2
========================================================================
Received Import Request.
  Time since last request: 0.000017 seconds.
  path: Assets/kitchen props/textures/counter_albedo.tga
  artifactKey: Guid(e51fa22f343ecdb40840d29ddcd50f96) Importer(815301076,1909f56bfc062723c751e8b465ee728b)
Start importing Assets/kitchen props/textures/counter_albedo.tga using Guid(e51fa22f343ecdb40840d29ddcd50f96) Importer(815301076,1909f56bfc062723c751e8b465ee728b)  -> (artifact id: '5925313fef86b71193235464c87af511') in 0.043903 seconds
Number of updated asset objects reloaded before import = 0
Number of asset objects unloaded after import = 2
========================================================================
Received Import Request.
  Time since last request: 0.000017 seconds.
  path: Assets/kitchen props/textures/coffee-cups_albedo.tga
  artifactKey: Guid(c6e005faf359871418568e46665f5b3a) Importer(815301076,1909f56bfc062723c751e8b465ee728b)
Start importing Assets/kitchen props/textures/coffee-cups_albedo.tga using Guid(c6e005faf359871418568e46665f5b3a) Importer(815301076,1909f56bfc062723c751e8b465ee728b)  -> (artifact id: 'c08aed1bd52401ac2a403d3e5a995a11') in 0.027286 seconds
Number of updated asset objects reloaded before import = 0
Number of asset objects unloaded after import = 2
========================================================================
Received Import Request.
  Time since last request: 0.000019 seconds.
  path: Assets/kitchen props/textures/breakfast-bar_ao.tga
  artifactKey: Guid(f91a4cb6cb256ee4698f8a4af14a069e) Importer(815301076,1909f56bfc062723c751e8b465ee728b)
Start importing Assets/kitchen props/textures/breakfast-bar_ao.tga using Guid(f91a4cb6cb256ee4698f8a4af14a069e) Importer(815301076,1909f56bfc062723c751e8b465ee728b)  -> (artifact id: '273fcc64ac74554a0eaddc4938465674') in 0.029972 seconds
Number of updated asset objects reloaded before import = 0
Number of asset objects unloaded after import = 2
========================================================================
Received Import Request.
  Time since last request: 0.000024 seconds.
  path: Assets/Kitchen Asset/FBX/BottleMilk/Bottle/Materials/Bottle_DefaultMaterial_Normal.tga
  artifactKey: Guid(b0b98af896e028a4fbc2cb622740aa9e) Importer(815301076,1909f56bfc062723c751e8b465ee728b)
Start importing Assets/Kitchen Asset/FBX/BottleMilk/Bottle/Materials/Bottle_DefaultMaterial_Normal.tga using Guid(b0b98af896e028a4fbc2cb622740aa9e) Importer(815301076,1909f56bfc062723c751e8b465ee728b)  -> (artifact id: 'e0459306a4a9f0f1e3e7b3a3e0fe9df6') in 0.047077 seconds
Number of updated asset objects reloaded before import = 0
Number of asset objects unloaded after import = 2
========================================================================
Received Import Request.
  Time since last request: 0.000036 seconds.
  path: Assets/kitchen props/textures/breakfast-bar_metal.tga
  artifactKey: Guid(385c3639ab561534da42850764dabacd) Importer(815301076,1909f56bfc062723c751e8b465ee728b)
Start importing Assets/kitchen props/textures/breakfast-bar_metal.tga using Guid(385c3639ab561534da42850764dabacd) Importer(815301076,1909f56bfc062723c751e8b465ee728b)  -> (artifact id: 'b9a70055e70597bd353ac1c37c87d9ec') in 0.036378 seconds
Number of updated asset objects reloaded before import = 0
Number of asset objects unloaded after import = 2
========================================================================
Received Import Request.
  Time since last request: 0.000050 seconds.
  path: Assets/Samples/XR Interaction Toolkit/2.5.2/XR Device Simulator/UI/General/btn_bgbottom.png
  artifactKey: Guid(89cb99e3e22696848a1cbce7b320f520) Importer(815301076,1909f56bfc062723c751e8b465ee728b)
Start importing Assets/Samples/XR Interaction Toolkit/2.5.2/XR Device Simulator/UI/General/btn_bgbottom.png using Guid(89cb99e3e22696848a1cbce7b320f520) Importer(815301076,1909f56bfc062723c751e8b465ee728b)  -> (artifact id: 'feaf690e267dacf1dfa45d73b928c443') in 0.047835 seconds
Number of updated asset objects reloaded before import = 0
Number of asset objects unloaded after import = 3
========================================================================
Received Import Request.
  Time since last request: 0.000030 seconds.
  path: Assets/Kitchen Asset/FBX/Cap/Cap/Materials/Cap_DefaultMaterial_AlbedoTransparency.tga
  artifactKey: Guid(cba56ef27acbe604a91dada1f13a8892) Importer(815301076,1909f56bfc062723c751e8b465ee728b)
Start importing Assets/Kitchen Asset/FBX/Cap/Cap/Materials/Cap_DefaultMaterial_AlbedoTransparency.tga using Guid(cba56ef27acbe604a91dada1f13a8892) Importer(815301076,1909f56bfc062723c751e8b465ee728b)  -> (artifact id: '8c4bf39fdf411315e491f1cc124b6ef5') in 0.044339 seconds
Number of updated asset objects reloaded before import = 0
Number of asset objects unloaded after import = 2
========================================================================
Received Import Request.
  Time since last request: 0.000027 seconds.
  path: Assets/kitchen props/textures/breakfast-bar_normal.tga
  artifactKey: Guid(caceb824322daf54b9c6888b8eb9de29) Importer(815301076,1909f56bfc062723c751e8b465ee728b)
Start importing Assets/kitchen props/textures/breakfast-bar_normal.tga using Guid(caceb824322daf54b9c6888b8eb9de29) Importer(815301076,1909f56bfc062723c751e8b465ee728b)  -> (artifact id: 'f5ac06aae44e03fec8ecf0f1bbe0fe03') in 0.046784 seconds
Number of updated asset objects reloaded before import = 0
Number of asset objects unloaded after import = 2
========================================================================
Received Import Request.
  Time since last request: 0.000024 seconds.
  path: Assets/Kitchen Asset/FBX/DeepPlate/Materials/DeepPlate_DefaultMaterial_AlbedoTransparency.tga
  artifactKey: Guid(c811ed5c732f25243a6f50f9e93dbb24) Importer(815301076,1909f56bfc062723c751e8b465ee728b)
Start importing Assets/Kitchen Asset/FBX/DeepPlate/Materials/DeepPlate_DefaultMaterial_AlbedoTransparency.tga using Guid(c811ed5c732f25243a6f50f9e93dbb24) Importer(815301076,1909f56bfc062723c751e8b465ee728b)  -> (artifact id: '328af90381532880a489b2cefe767241') in 0.038806 seconds
Number of updated asset objects reloaded before import = 0
Number of asset objects unloaded after import = 2
========================================================================
Received Import Request.
  Time since last request: 12.226991 seconds.
  path: Assets/kitchen props/materials/china-plate.mat
  artifactKey: Guid(ef66d3256f1c3f641a845f9c1968dc13) Importer(815301076,1909f56bfc062723c751e8b465ee728b)
Start importing Assets/kitchen props/materials/china-plate.mat using Guid(ef66d3256f1c3f641a845f9c1968dc13) Importer(815301076,1909f56bfc062723c751e8b465ee728b)  -> (artifact id: '8b759ff5d91d46043a56511c20fdf18a') in 0.413668 seconds
Number of updated asset objects reloaded before import = 0
Number of asset objects unloaded after import = 5
========================================================================
Received Import Request.
  Time since last request: 0.000035 seconds.
  path: Assets/kitchen props/materials/plates.mat
  artifactKey: Guid(a0ae7c41fdb3eb0419823ee09fb639b4) Importer(815301076,1909f56bfc062723c751e8b465ee728b)
Start importing Assets/kitchen props/materials/plates.mat using Guid(a0ae7c41fdb3eb0419823ee09fb639b4) Importer(815301076,1909f56bfc062723c751e8b465ee728b)  -> (artifact id: '4828eec14f8cb241d8c18a06cc64de06') in 0.119542 seconds
Number of updated asset objects reloaded before import = 0
Number of asset objects unloaded after import = 5
========================================================================
Received Import Request.
  Time since last request: 0.900205 seconds.
  path: Assets/kitchen props/materials/toaster.mat
  artifactKey: Guid(88b6dc8c22c60a54fafc2024e3bd1c7d) Importer(815301076,1909f56bfc062723c751e8b465ee728b)
Start importing Assets/kitchen props/materials/toaster.mat using Guid(88b6dc8c22c60a54fafc2024e3bd1c7d) Importer(815301076,1909f56bfc062723c751e8b465ee728b)  -> (artifact id: 'c7babb5ac31259287e825f0c5576a7cb') in 0.073238 seconds
Number of updated asset objects reloaded before import = 0
Number of asset objects unloaded after import = 5
========================================================================
Received Import Request.
  Time since last request: 37.002502 seconds.
  path: Assets/Black.mat
  artifactKey: Guid(486d86805db02714e9ceec3cc16349cc) Importer(815301076,1909f56bfc062723c751e8b465ee728b)
Start importing Assets/Black.mat using Guid(486d86805db02714e9ceec3cc16349cc) Importer(815301076,1909f56bfc062723c751e8b465ee728b)  -> (artifact id: '5feb709fa03109db61aad7817f08e169') in 0.012709 seconds
Number of updated asset objects reloaded before import = 0
Number of asset objects unloaded after import = 1
========================================================================
Received Import Request.
  Time since last request: 16.740911 seconds.
  path: Assets/ExampleAssets/Tutorial/Images/1-welcome-screen-image.png
  artifactKey: Guid(11e34d76fce7843be984510eca5c9139) Importer(815301076,1909f56bfc062723c751e8b465ee728b)
Start importing Assets/ExampleAssets/Tutorial/Images/1-welcome-screen-image.png using Guid(11e34d76fce7843be984510eca5c9139) Importer(815301076,1909f56bfc062723c751e8b465ee728b)  -> (artifact id: '9adc43a7063316299aa469daba02d80f') in 0.034524 seconds
Number of updated asset objects reloaded before import = 0
Number of asset objects unloaded after import = 2
========================================================================
Received Import Request.
  Time since last request: 0.000108 seconds.
  path: Assets/kitchen props/textures/china-plate_normal.tga
  artifactKey: Guid(62e8281d53912b840962ecddccae0996) Importer(815301076,1909f56bfc062723c751e8b465ee728b)
Start importing Assets/kitchen props/textures/china-plate_normal.tga using Guid(62e8281d53912b840962ecddccae0996) Importer(815301076,1909f56bfc062723c751e8b465ee728b)  -> (artifact id: '52728527631ef41a99ff342cea1c98b6') in 0.152848 seconds
Number of updated asset objects reloaded before import = 0
Number of asset objects unloaded after import = 2
========================================================================
Received Import Request.
  Time since last request: 8.197197 seconds.
  path: Assets/Samples/XR Interaction Toolkit/2.5.2/XR Device Simulator/UI/General/CloseWindow.png
  artifactKey: Guid(c76518a5819794083a346812c0906b77) Importer(815301076,1909f56bfc062723c751e8b465ee728b)
Start importing Assets/Samples/XR Interaction Toolkit/2.5.2/XR Device Simulator/UI/General/CloseWindow.png using Guid(c76518a5819794083a346812c0906b77) Importer(815301076,1909f56bfc062723c751e8b465ee728b)  -> (artifact id: '29fbc9dbd838dcc60c230f1c9ac8ffa1') in 0.045913 seconds
Number of updated asset objects reloaded before import = 0
Number of asset objects unloaded after import = 3
========================================================================
Received Import Request.
  Time since last request: 0.252151 seconds.
  path: Assets/Samples/XR Interaction Toolkit/2.5.2/XR Device Simulator/UI/ControllerDevice/ControllerLeft.png
  artifactKey: Guid(10abf1be8eef148d4aa4b96b2af7a9f0) Importer(815301076,1909f56bfc062723c751e8b465ee728b)
Start importing Assets/Samples/XR Interaction Toolkit/2.5.2/XR Device Simulator/UI/ControllerDevice/ControllerLeft.png using Guid(10abf1be8eef148d4aa4b96b2af7a9f0) Importer(815301076,1909f56bfc062723c751e8b465ee728b)  -> (artifact id: '73910dac5084c513bf7b5a3658b7863e') in 0.031383 seconds
Number of updated asset objects reloaded before import = 0
Number of asset objects unloaded after import = 3
Editor requested this worker to shutdown with reason: Scaling down because of idle timeout
AssetImportWorker is now disconnected from the server
Process exiting
Exiting without the bug reporter. Application will terminate with return code 0