Using pre-set license
Built from '2023.1/staging' branch; Version is '2023.1.12f1 (38370f5b2257) revision 3684111'; Using compiler version '192829333'; Build Type 'Release'
OS: 'Windows 10  (10.0.19045) 64bit Core' Language: 'en' Physical Memory: 32699 MB
BatchMode: 1, IsHumanControllingUs: 0, StartBugReporterOnCrash: 0, Is64bit: 1, IsPro: 1

COMMAND LINE ARGUMENTS:
C:\Program Files\Unity\Hub\Editor\2023.1.12f1\Editor\Unity.exe
-adb2
-batchMode
-noUpm
-name
AssetImportWorker0
-projectPath
C:/Users/Andrei/Desktop/Andrei/XRD-X5VR
-logFile
Logs/AssetImportWorker0.log
-srvPort
6839
Successfully changed project path to: C:/Users/Andrei/Desktop/Andrei/XRD-X5VR
C:/Users/Andrei/Desktop/Andrei/XRD-X5VR
[UnityMemory] Configuration Parameters - Can be set up in boot.config
    "memorysetup-bucket-allocator-granularity=16"
    "memorysetup-bucket-allocator-bucket-count=8"
    "memorysetup-bucket-allocator-block-size=33554432"
    "memorysetup-bucket-allocator-block-count=8"
    "memorysetup-main-allocator-block-size=16777216"
    "memorysetup-thread-allocator-block-size=16777216"
    "memorysetup-gfx-main-allocator-block-size=16777216"
    "memorysetup-gfx-thread-allocator-block-size=16777216"
    "memorysetup-cache-allocator-block-size=4194304"
    "memorysetup-typetree-allocator-block-size=2097152"
    "memorysetup-profiler-bucket-allocator-granularity=16"
    "memorysetup-profiler-bucket-allocator-bucket-count=8"
    "memorysetup-profiler-bucket-allocator-block-size=33554432"
    "memorysetup-profiler-bucket-allocator-block-count=8"
    "memorysetup-profiler-allocator-block-size=16777216"
    "memorysetup-profiler-editor-allocator-block-size=1048576"
    "memorysetup-temp-allocator-size-main=16777216"
    "memorysetup-job-temp-allocator-block-size=2097152"
    "memorysetup-job-temp-allocator-block-size-background=1048576"
    "memorysetup-job-temp-allocator-reduction-small-platforms=262144"
    "memorysetup-allocator-temp-initial-block-size-main=262144"
    "memorysetup-allocator-temp-initial-block-size-worker=262144"
    "memorysetup-temp-allocator-size-background-worker=32768"
    "memorysetup-temp-allocator-size-job-worker=262144"
    "memorysetup-temp-allocator-size-preload-manager=33554432"
    "memorysetup-temp-allocator-size-nav-mesh-worker=65536"
    "memorysetup-temp-allocator-size-audio-worker=65536"
    "memorysetup-temp-allocator-size-cloud-worker=32768"
    "memorysetup-temp-allocator-size-gi-baking-worker=262144"
    "memorysetup-temp-allocator-size-gfx=262144"
Unable to join player connection multicast group (err: 10013).
Player connection [30296] Host "[IP] 172.26.240.1 [Port] 0 [Flags] 2 [Guid] 2712685084 [EditorId] 2712685084 [Version] 1048832 [Id] WindowsEditor(7,DESKTOP-3JG145E) [Debug] 1 [PackageName] WindowsEditor [ProjectName] Editor" joined alternative multi-casting on [225.0.0.222:34997]...

[Physics::Module] Initialized MultithreadedJobDispatcher with 15 workers.
Library Redirect Path: Library/Refreshing native plugins compatible for Editor in 24.87 ms, found 12 plugins.
Preloading 1 native plugins for Editor in 0.53 ms.
Initialize engine version: 2023.1.12f1 (38370f5b2257)
[Subsystems] Discovering subsystems at path C:/Program Files/Unity/Hub/Editor/2023.1.12f1/Editor/Data/Resources/UnitySubsystems
[Subsystems] Discovering subsystems at path C:/Users/Andrei/Desktop/Andrei/XRD-X5VR/Assets
GfxDevice: creating device client; threaded=0; jobified=0
Direct3D:
    Version:  Direct3D 11.0 [level 11.1]
    Renderer: NVIDIA GeForce RTX 2080 SUPER (ID=0x1e81)
    Vendor:   NVIDIA
    VRAM:     8001 MB
    Driver:   31.0.15.3758
Initialize mono
Mono path[0] = 'C:/Program Files/Unity/Hub/Editor/2023.1.12f1/Editor/Data/Managed'
Mono path[1] = 'C:/Program Files/Unity/Hub/Editor/2023.1.12f1/Editor/Data/MonoBleedingEdge/lib/mono/unityjit-win32'
Mono config path = 'C:/Program Files/Unity/Hub/Editor/2023.1.12f1/Editor/Data/MonoBleedingEdge/etc'
Using monoOptions --debugger-agent=transport=dt_socket,embedding=1,server=y,suspend=n,address=127.0.0.1:56232
Begin MonoManager ReloadAssembly
C:\build\output\Unity-Technologies\mono\mono\metadata\icall.c:1842:
C:\build\output\Unity-Technologies\mono\mono\metadata\icall.c:1842:
C:\build\output\Unity-Technologies\mono\mono\metadata\icall.c:1842:
C:\build\output\Unity-Technologies\mono\mono\metadata\icall.c:1842:
C:\build\output\Unity-Technologies\mono\mono\metadata\icall.c:1842:
C:\build\output\Unity-Technologies\mono\mono\metadata\icall.c:1842:
C:\build\output\Unity-Technologies\mono\mono\metadata\icall.c:1842:
C:\build\output\Unity-Technologies\mono\mono\metadata\icall.c:1842:
C:\build\output\Unity-Technologies\mono\mono\metadata\icall.c:1842:
C:\build\output\Unity-Technologies\mono\mono\metadata\icall.c:1842:
Registering precompiled unity dll's ...
Register platform support module: C:/Program Files/Unity/Hub/Editor/2023.1.12f1/Editor/Data/PlaybackEngines/WindowsStandaloneSupport/UnityEditor.WindowsStandalone.Extensions.dll
Register platform support module: C:/Program Files/Unity/Hub/Editor/2023.1.12f1/Editor/Data/PlaybackEngines/AndroidPlayer/UnityEditor.Android.Extensions.dll
Registered in 0.006667 seconds.
- Loaded All Assemblies, in  0.424 seconds
Native extension for Android target not found
Android Extension - Scanning For ADB Devices 2279 ms
Native extension for WindowsStandalone target not found
Mono: successfully reloaded assembly
C:\build\output\Unity-Technologies\mono\mono\metadata\icall.c:1842:
C:\build\output\Unity-Technologies\mono\mono\metadata\icall.c:1842:
- Finished resetting the current domain, in  2.638 seconds
Domain Reload Profiling: 3057ms
	BeginReloadAssembly (126ms)
		ExecutionOrderSort (0ms)
		DisableScriptedObjects (0ms)
		BackupInstance (0ms)
		ReleaseScriptingObjects (0ms)
		CreateAndSetChildDomain (1ms)
	RebuildCommonClasses (35ms)
	RebuildNativeTypeToScriptingClass (11ms)
	initialDomainReloadingComplete (55ms)
	LoadAllAssembliesAndSetupDomain (192ms)
		LoadAssemblies (122ms)
		RebuildTransferFunctionScriptingTraits (0ms)
		AnalyzeDomain (184ms)
			TypeCache.Refresh (183ms)
				TypeCache.ScanAssembly (170ms)
			ScanForSourceGeneratedMonoScriptInfo (0ms)
			ResolveRequiredComponents (0ms)
	FinalizeReload (2638ms)
		ReleaseScriptCaches (0ms)
		RebuildScriptCaches (0ms)
		SetupLoadedEditorAssemblies (2592ms)
			LogAssemblyErrors (0ms)
			InitializePlatformSupportModulesInManaged (2398ms)
			SetLoadedEditorAssemblies (2ms)
			BeforeProcessingInitializeOnLoad (7ms)
			ProcessInitializeOnLoadAttributes (126ms)
			ProcessInitializeOnLoadMethodAttributes (59ms)
			AfterProcessingInitializeOnLoad (0ms)
			EditorAssembliesLoaded (0ms)
		ExecutionOrderSort2 (0ms)
		AwakeInstancesAfterBackupRestoration (0ms)
========================================================================
Worker process is ready to serve import requests
Import Worker Mode flag is 0x00
Begin MonoManager ReloadAssembly
C:\build\output\Unity-Technologies\mono\mono\metadata\icall.c:1842:
C:\build\output\Unity-Technologies\mono\mono\metadata\icall.c:1842:
C:\build\output\Unity-Technologies\mono\mono\metadata\icall.c:1842:
C:\build\output\Unity-Technologies\mono\mono\metadata\icall.c:1842:
C:\build\output\Unity-Technologies\mono\mono\metadata\icall.c:1842:
C:\build\output\Unity-Technologies\mono\mono\metadata\icall.c:1842:
C:\build\output\Unity-Technologies\mono\mono\metadata\icall.c:1842:
C:\build\output\Unity-Technologies\mono\mono\metadata\icall.c:1842:
C:\build\output\Unity-Technologies\mono\mono\metadata\icall.c:1842:
C:\build\output\Unity-Technologies\mono\mono\metadata\icall.c:1842:
C:\build\output\Unity-Technologies\mono\mono\metadata\icall.c:1842:
C:\build\output\Unity-Technologies\mono\mono\metadata\icall.c:1842:
Symbol file LoadedFromMemory doesn't match image C:\Users\Andrei\Desktop\Andrei\XRD-X5VR\Library\PackageCache\com.unity.visualscripting@1.8.0\Editor\VisualScripting.Core\Dependencies\YamlDotNet\Unity.VisualScripting.YamlDotNet.dll
Symbol file LoadedFromMemory doesn't match image C:\Users\Andrei\Desktop\Andrei\XRD-X5VR\Library\PackageCache\com.unity.visualscripting@1.8.0\Editor\VisualScripting.Core\Dependencies\DotNetZip\Unity.VisualScripting.IonicZip.dll
- Loaded All Assemblies, in  1.056 seconds
Refreshing native plugins compatible for Editor in 13.95 ms, found 12 plugins.
Native extension for Android target not found
Native extension for WindowsStandalone target not found
Package Manager log level set to [2]
[Package Manager] Failed to launch server process. Reason: Unity was launched with the -noUpm command-line argument
[Package Manager] Unable to send message (not connected to server process).
[Package Manager] Cannot connect to Unity Package Manager local server
System.Reflection.TargetInvocationException: Exception has been thrown by the target of an invocation. ---> System.NullReferenceException: Object reference not set to an instance of an object
  at Unity.XR.Oculus.OculusLoader.AssetPathToAbsolutePath (System.String assetPath) [0x0003d] in .\Library\PackageCache\com.unity.xr.oculus@4.0.0\Runtime\OculusLoader.cs:282 
  at Unity.XR.Oculus.OculusLoader.EditorLoadOVRPlugin () [0x0007b] in .\Library\PackageCache\com.unity.xr.oculus@4.0.0\Runtime\OculusLoader.cs:267 
  at (wrapper managed-to-native) System.Reflection.RuntimeMethodInfo.InternalInvoke(System.Reflection.RuntimeMethodInfo,object,object[],System.Exception&)
  at System.Reflection.RuntimeMethodInfo.Invoke (System.Object obj, System.Reflection.BindingFlags invokeAttr, System.Reflection.Binder binder, System.Object[] parameters, System.Globalization.CultureInfo culture) [0x0006a] in <fb9cb1df970c4c34a7934ab4caf453a1>:0 
   --- End of inner exception stack trace ---
  at System.Reflection.RuntimeMethodInfo.Invoke (System.Object obj, System.Reflection.BindingFlags invokeAttr, System.Reflection.Binder binder, System.Object[] parameters, System.Globalization.CultureInfo culture) [0x00083] in <fb9cb1df970c4c34a7934ab4caf453a1>:0 
  at System.Reflection.MethodBase.Invoke (System.Object obj, System.Object[] parameters) [0x00000] in <fb9cb1df970c4c34a7934ab4caf453a1>:0 
  at UnityEditor.EditorAssemblies.ProcessInitializeOnLoadMethodAttributes () [0x00056] in <0be88e8ab6e346e9aff7a2ef25f50b89>:0 
UnityEngine.StackTraceUtility:ExtractStackTrace ()
UnityEngine.DebugLogHandler:Internal_Log (UnityEngine.LogType,UnityEngine.LogOption,string,UnityEngine.Object)
UnityEngine.DebugLogHandler:LogFormat (UnityEngine.LogType,UnityEngine.Object,string,object[])
UnityEngine.Logger:Log (UnityEngine.LogType,object)
UnityEngine.Debug:LogError (object)
UnityEditor.EditorAssemblies:ProcessInitializeOnLoadMethodAttributes ()

Mono: successfully reloaded assembly
[Package Manager] Failed to launch server process. Reason: Unity was launched with the -noUpm command-line argument
[Package Manager] Unable to send message (not connected to server process).
[Package Manager] Cannot connect to Unity Package Manager local server
[Package Manager] Failed to launch server process. Reason: Unity was launched with the -noUpm command-line argument
[Package Manager] Unable to send message (not connected to server process).
[Package Manager] Cannot connect to Unity Package Manager local server
- Finished resetting the current domain, in  0.718 seconds
Domain Reload Profiling: 1764ms
	BeginReloadAssembly (291ms)
		ExecutionOrderSort (0ms)
		DisableScriptedObjects (6ms)
		BackupInstance (0ms)
		ReleaseScriptingObjects (0ms)
		CreateAndSetChildDomain (34ms)
	RebuildCommonClasses (49ms)
	RebuildNativeTypeToScriptingClass (12ms)
	initialDomainReloadingComplete (43ms)
	LoadAllAssembliesAndSetupDomain (650ms)
		LoadAssemblies (352ms)
		RebuildTransferFunctionScriptingTraits (0ms)
		AnalyzeDomain (397ms)
			TypeCache.Refresh (366ms)
				TypeCache.ScanAssembly (348ms)
			ScanForSourceGeneratedMonoScriptInfo (22ms)
			ResolveRequiredComponents (8ms)
	FinalizeReload (718ms)
		ReleaseScriptCaches (0ms)
		RebuildScriptCaches (0ms)
		SetupLoadedEditorAssemblies (499ms)
			LogAssemblyErrors (0ms)
			InitializePlatformSupportModulesInManaged (21ms)
			SetLoadedEditorAssemblies (3ms)
			BeforeProcessingInitializeOnLoad (88ms)
			ProcessInitializeOnLoadAttributes (319ms)
			ProcessInitializeOnLoadMethodAttributes (60ms)
			AfterProcessingInitializeOnLoad (7ms)
			EditorAssembliesLoaded (0ms)
		ExecutionOrderSort2 (0ms)
		AwakeInstancesAfterBackupRestoration (7ms)
Launched and connected shader compiler UnityShaderCompiler.exe after 0.01 seconds
Refreshing native plugins compatible for Editor in 16.32 ms, found 12 plugins.
Preloading 1 native plugins for Editor in 0.11 ms.
Unloading 4574 Unused Serialized files (Serialized files now loaded: 0)
Unloading 77 unused Assets / (69.5 KB). Loaded Objects now: 5127.
Memory consumption went from 157.8 MB to 157.7 MB.
Total: 5.690400 ms (FindLiveObjects: 0.401400 ms CreateObjectMapping: 0.405400 ms MarkObjects: 4.752000 ms  DeleteObjects: 0.130400 ms)

AssetImportParameters requested are different than current active one (requested -> active):
  custom:video-decoder-webm-vp8: 9c59270c3fd7afecdb556c50c9e8de78 -> 
  custom:SearchIndexIgnoredProperties: e643bd26f0fe6173181afceb89e7c659 -> 
  custom:audio-encoder-webm-vorbis: bf7c407c2cedff20999df2af8eb42d56 -> 
  custom:AudioImporter_EditorPlatform: d09bf68614088b80899f8185d706f6e7 -> 
  custom:audio-decoder-ogg-vorbis: bf7c407c2cedff20999df2af8eb42d56 -> 
  custom:video-encoder-webm-vp8: eb34c28f22e8b96e1ab97ce403110664 -> 
  custom:container-demuxer-ogg: 62fdf1f143b41e24485cea50d1cbac27 -> 
  custom:framework-win-MediaFoundation: 216162199b28c13a410421893ffa2e32 -> 
  custom:video-decoder-ogg-theora: a1e56fd34408186e4bbccfd4996cb3dc -> 
  custom:container-muxer-webm: aa71ff27fc2769a1b78a27578f13a17b -> 
  custom:video-codec-MediaFoundation-h265: 746d11721c4dcdbdad8f713fa42b33f4 -> 
  custom:container-demuxer-webm: 4f35f7cbe854078d1ac9338744f61a02 -> 
========================================================================
Received Import Request.
  Time since last request: 20321.014742 seconds.
  path: Assets/LowPolyFoodLite/Prefabs/Banana.prefab
  artifactKey: Guid(869b55c0dc2962d41a835b0eeb3c4b36) Importer(815301076,1909f56bfc062723c751e8b465ee728b)
Start importing Assets/LowPolyFoodLite/Prefabs/Banana.prefab using Guid(869b55c0dc2962d41a835b0eeb3c4b36) Importer(815301076,1909f56bfc062723c751e8b465ee728b)  -> (artifact id: '57de471fdb0306fde411dd9c893d06a4') in 0.125372 seconds
Number of updated asset objects reloaded before import = 0
Number of asset objects unloaded after import = 10
========================================================================
Received Import Request.
  Time since last request: 0.000025 seconds.
  path: Assets/Package04_Free_Kitchen/FreeKitchen/Prefabs/Version02/FreeChair.prefab
  artifactKey: Guid(5521dabf3993b4491b917cb3de33b0b4) Importer(815301076,1909f56bfc062723c751e8b465ee728b)
Start importing Assets/Package04_Free_Kitchen/FreeKitchen/Prefabs/Version02/FreeChair.prefab using Guid(5521dabf3993b4491b917cb3de33b0b4) Importer(815301076,1909f56bfc062723c751e8b465ee728b)  -> (artifact id: 'fa86a5a371252d466b3df619fc2ec4e0') in 0.518328 seconds
Number of updated asset objects reloaded before import = 0
Number of asset objects unloaded after import = 13
========================================================================
Received Import Request.
  Time since last request: 0.000032 seconds.
  path: Assets/Kitchen Asset/FBX/Glass/Glass.fbx
  artifactKey: Guid(956991fbb563af84cbd26de73f217308) Importer(815301076,1909f56bfc062723c751e8b465ee728b)
Start importing Assets/Kitchen Asset/FBX/Glass/Glass.fbx using Guid(956991fbb563af84cbd26de73f217308) Importer(815301076,1909f56bfc062723c751e8b465ee728b)  -> (artifact id: '7b8a5ef0e6ba0ed5befb993d3689d21a') in 0.121219 seconds
Number of updated asset objects reloaded before import = 0
Number of asset objects unloaded after import = 14
========================================================================
Received Import Request.
  Time since last request: 0.000046 seconds.
  path: Assets/LowPolyFoodLite/Prefabs/Cupcake.prefab
  artifactKey: Guid(d8cf39e351e7c82408a1ea1822811ad9) Importer(815301076,1909f56bfc062723c751e8b465ee728b)
Start importing Assets/LowPolyFoodLite/Prefabs/Cupcake.prefab using Guid(d8cf39e351e7c82408a1ea1822811ad9) Importer(815301076,1909f56bfc062723c751e8b465ee728b)  -> (artifact id: '13985cbde7053d013303e14b0b374b53') in 0.035747 seconds
Number of updated asset objects reloaded before import = 0
Number of asset objects unloaded after import = 10
========================================================================
Received Import Request.
  Time since last request: 0.000039 seconds.
  path: Assets/Package04_Free_Kitchen/FreeKitchen/Prefabs/Version01/FreeCabinet03_DrawerBig.prefab
  artifactKey: Guid(364340c2167334b9a953bd5d6035404e) Importer(815301076,1909f56bfc062723c751e8b465ee728b)
Start importing Assets/Package04_Free_Kitchen/FreeKitchen/Prefabs/Version01/FreeCabinet03_DrawerBig.prefab using Guid(364340c2167334b9a953bd5d6035404e) Importer(815301076,1909f56bfc062723c751e8b465ee728b)  -> (artifact id: 'f4c6e06ccc22c40a84750cef45b8940e') in 0.155372 seconds
Number of updated asset objects reloaded before import = 0
Number of asset objects unloaded after import = 13
========================================================================
Received Import Request.
  Time since last request: 0.003167 seconds.
  path: Assets/Package04_Free_Kitchen/FreeKitchen/Prefabs/Version01/FreeCabinet01_DoorRight.prefab
  artifactKey: Guid(c05978aee78c54b47bda1138481145be) Importer(815301076,1909f56bfc062723c751e8b465ee728b)
Start importing Assets/Package04_Free_Kitchen/FreeKitchen/Prefabs/Version01/FreeCabinet01_DoorRight.prefab using Guid(c05978aee78c54b47bda1138481145be) Importer(815301076,1909f56bfc062723c751e8b465ee728b)  -> (artifact id: 'fefa782bc4590e7957fc51810ea2af7f') in 0.192044 seconds
Number of updated asset objects reloaded before import = 0
Number of asset objects unloaded after import = 13
========================================================================
Received Import Request.
  Time since last request: 0.006017 seconds.
  path: Assets/Package04_Free_Kitchen/FreeKitchen/Materials/GroundMaterial.mat
  artifactKey: Guid(7795727b08de5499297abd25be168839) Importer(815301076,1909f56bfc062723c751e8b465ee728b)
Start importing Assets/Package04_Free_Kitchen/FreeKitchen/Materials/GroundMaterial.mat using Guid(7795727b08de5499297abd25be168839) Importer(815301076,1909f56bfc062723c751e8b465ee728b)  -> (artifact id: '0b8413709ad1db25e352d0f1febf9af6') in 0.057061 seconds
Number of updated asset objects reloaded before import = 0
Number of asset objects unloaded after import = 3
========================================================================
Received Import Request.
  Time since last request: 0.000017 seconds.
  path: Assets/Package04_Free_Kitchen/FreeKitchen/Prefabs/Version01/FreeCabinet03.prefab
  artifactKey: Guid(b6923535a336d40b194b2438f15740f3) Importer(815301076,1909f56bfc062723c751e8b465ee728b)
Start importing Assets/Package04_Free_Kitchen/FreeKitchen/Prefabs/Version01/FreeCabinet03.prefab using Guid(b6923535a336d40b194b2438f15740f3) Importer(815301076,1909f56bfc062723c751e8b465ee728b)  -> (artifact id: 'aee214115518a2b23f647bb31858d8a8') in 0.760756 seconds
Number of updated asset objects reloaded before import = 0
Number of asset objects unloaded after import = 57
========================================================================
Received Import Request.
  Time since last request: 0.000049 seconds.
  path: Assets/LowPolyFoodLite/Models/Bread.fbx
  artifactKey: Guid(5a860cf6d43581e43870f56889bf5f7b) Importer(815301076,1909f56bfc062723c751e8b465ee728b)
Start importing Assets/LowPolyFoodLite/Models/Bread.fbx using Guid(5a860cf6d43581e43870f56889bf5f7b) Importer(815301076,1909f56bfc062723c751e8b465ee728b)  -> (artifact id: '0cf7402292220dffa4e8a08c1d07a3f7') in 0.047245 seconds
Number of updated asset objects reloaded before import = 0
Number of asset objects unloaded after import = 7
========================================================================
Received Import Request.
  Time since last request: 0.000040 seconds.
  path: Assets/Package04_Free_Kitchen/FreeKitchen/Prefabs/Version01/FreeBowl02.prefab
  artifactKey: Guid(e0cd751eb70ae4bf8bdf7f8885891659) Importer(815301076,1909f56bfc062723c751e8b465ee728b)
Start importing Assets/Package04_Free_Kitchen/FreeKitchen/Prefabs/Version01/FreeBowl02.prefab using Guid(e0cd751eb70ae4bf8bdf7f8885891659) Importer(815301076,1909f56bfc062723c751e8b465ee728b)  -> (artifact id: '7fe48f835a4a9519b82fd7e29970f48b') in 0.130869 seconds
Number of updated asset objects reloaded before import = 0
Number of asset objects unloaded after import = 13
========================================================================
Received Import Request.
  Time since last request: 0.000018 seconds.
  path: Assets/Package04_Free_Kitchen/FreeKitchen/Prefabs/Version02/FreeCabinet02_DrawerSmall.prefab
  artifactKey: Guid(04a7d5ccad5a04af580fcc157ac54f45) Importer(815301076,1909f56bfc062723c751e8b465ee728b)
Start importing Assets/Package04_Free_Kitchen/FreeKitchen/Prefabs/Version02/FreeCabinet02_DrawerSmall.prefab using Guid(04a7d5ccad5a04af580fcc157ac54f45) Importer(815301076,1909f56bfc062723c751e8b465ee728b)  -> (artifact id: 'acb33fae6a11d2790e083f84ce1d0102') in 0.182913 seconds
Number of updated asset objects reloaded before import = 0
Number of asset objects unloaded after import = 13
========================================================================
Received Import Request.
  Time since last request: 0.000020 seconds.
  path: Assets/LowPolyFoodLite/Prefabs/Apple.prefab
  artifactKey: Guid(d0ddd93953187fd4195f9cea4a7b8a56) Importer(815301076,1909f56bfc062723c751e8b465ee728b)
Start importing Assets/LowPolyFoodLite/Prefabs/Apple.prefab using Guid(d0ddd93953187fd4195f9cea4a7b8a56) Importer(815301076,1909f56bfc062723c751e8b465ee728b)  -> (artifact id: '43eff90bc584c8301f550fb9c779c61d') in 0.041666 seconds
Number of updated asset objects reloaded before import = 0
Number of asset objects unloaded after import = 10
========================================================================
Received Import Request.
  Time since last request: 0.000024 seconds.
  path: Assets/Kitchen Asset/FBX/Plates/Plate1/Plate1.fbx
  artifactKey: Guid(f6c0da0ba5de33b4b9547f2cca90a5fd) Importer(815301076,1909f56bfc062723c751e8b465ee728b)
Start importing Assets/Kitchen Asset/FBX/Plates/Plate1/Plate1.fbx using Guid(f6c0da0ba5de33b4b9547f2cca90a5fd) Importer(815301076,1909f56bfc062723c751e8b465ee728b)  -> (artifact id: 'b90a40c39f1d80fc747c4f87097e0579') in 0.159958 seconds
Number of updated asset objects reloaded before import = 0
Number of asset objects unloaded after import = 11
========================================================================
Received Import Request.
  Time since last request: 0.000016 seconds.
  path: Assets/Package04_Free_Kitchen/FreeKitchen/Prefabs/Version02/FreeCabinet02.prefab
  artifactKey: Guid(6efee525fdecf4cf3b59d6b733cc2609) Importer(815301076,1909f56bfc062723c751e8b465ee728b)
Start importing Assets/Package04_Free_Kitchen/FreeKitchen/Prefabs/Version02/FreeCabinet02.prefab using Guid(6efee525fdecf4cf3b59d6b733cc2609) Importer(815301076,1909f56bfc062723c751e8b465ee728b)  -> (artifact id: '1356cd81bb58d0f54b279dee5e843e09') in 0.192570 seconds
Number of updated asset objects reloaded before import = 0
Number of asset objects unloaded after import = 32
========================================================================
Received Import Request.
  Time since last request: 0.000818 seconds.
  path: Assets/LowPolyFoodLite/Models/Banana.fbx
  artifactKey: Guid(0a6a2491386b3be489501ed9d6f51b69) Importer(815301076,1909f56bfc062723c751e8b465ee728b)
Start importing Assets/LowPolyFoodLite/Models/Banana.fbx using Guid(0a6a2491386b3be489501ed9d6f51b69) Importer(815301076,1909f56bfc062723c751e8b465ee728b)  -> (artifact id: 'a7a8033d05e91d5da590362809c4b502') in 0.032843 seconds
Number of updated asset objects reloaded before import = 0
Number of asset objects unloaded after import = 7
========================================================================
Received Import Request.
  Time since last request: 0.000016 seconds.
  path: Assets/Kitchen Asset/FBX/Glass/Materials/No Name.mat
  artifactKey: Guid(feb5d4b84dd085f4e8f8a7a7beb4af23) Importer(815301076,1909f56bfc062723c751e8b465ee728b)
Start importing Assets/Kitchen Asset/FBX/Glass/Materials/No Name.mat using Guid(feb5d4b84dd085f4e8f8a7a7beb4af23) Importer(815301076,1909f56bfc062723c751e8b465ee728b)  -> (artifact id: 'b1b58073022b3022914e43aab36f5494') in 0.125376 seconds
Number of updated asset objects reloaded before import = 0
Number of asset objects unloaded after import = 7
========================================================================
Received Import Request.
  Time since last request: 0.000019 seconds.
  path: Assets/LowPolyFoodLite/Models/Apple.fbx
  artifactKey: Guid(12bf7c0de8c3b5b4bb67f4f585d5a093) Importer(815301076,1909f56bfc062723c751e8b465ee728b)
Start importing Assets/LowPolyFoodLite/Models/Apple.fbx using Guid(12bf7c0de8c3b5b4bb67f4f585d5a093) Importer(815301076,1909f56bfc062723c751e8b465ee728b)  -> (artifact id: '70808f2e81203d63476fd5aaced86bc6') in 0.064071 seconds
Number of updated asset objects reloaded before import = 0
Number of asset objects unloaded after import = 7
========================================================================
Received Import Request.
  Time since last request: 0.005077 seconds.
  path: Assets/Package04_Free_Kitchen/FreeKitchen/Prefabs/Version03/CoffeeMakerWithPlateCup.prefab
  artifactKey: Guid(79ff948927cc442ffa2a06f2220b64c1) Importer(815301076,1909f56bfc062723c751e8b465ee728b)
Start importing Assets/Package04_Free_Kitchen/FreeKitchen/Prefabs/Version03/CoffeeMakerWithPlateCup.prefab using Guid(79ff948927cc442ffa2a06f2220b64c1) Importer(815301076,1909f56bfc062723c751e8b465ee728b)  -> (artifact id: 'e371124179784ebb074171bcfd4b576d') in 0.556628 seconds
Number of updated asset objects reloaded before import = 0
Number of asset objects unloaded after import = 53
========================================================================
Received Import Request.
  Time since last request: 0.000046 seconds.
  path: Assets/LowPolyFoodLite/Models/Carrot.fbx
  artifactKey: Guid(539003eed0bf20a4faf58b92584a662b) Importer(815301076,1909f56bfc062723c751e8b465ee728b)
Start importing Assets/LowPolyFoodLite/Models/Carrot.fbx using Guid(539003eed0bf20a4faf58b92584a662b) Importer(815301076,1909f56bfc062723c751e8b465ee728b)  -> (artifact id: '8dc413b4daf483ddcb69555df8c0631e') in 0.067333 seconds
Number of updated asset objects reloaded before import = 0
Number of asset objects unloaded after import = 7
========================================================================
Received Import Request.
  Time since last request: 0.000042 seconds.
  path: Assets/LowPolyFoodLite/Prefabs/Donut_01.prefab
  artifactKey: Guid(71be32ea5846afd419e33241296bc486) Importer(815301076,1909f56bfc062723c751e8b465ee728b)
Start importing Assets/LowPolyFoodLite/Prefabs/Donut_01.prefab using Guid(71be32ea5846afd419e33241296bc486) Importer(815301076,1909f56bfc062723c751e8b465ee728b)  -> (artifact id: 'e08095195bbea954c27cb22da8353e1c') in 0.076929 seconds
Number of updated asset objects reloaded before import = 0
Number of asset objects unloaded after import = 10
========================================================================
Received Import Request.
  Time since last request: 0.000024 seconds.
  path: Assets/Package04_Free_Kitchen/FreeKitchen/Prefabs/Version01/FreeLamp.prefab
  artifactKey: Guid(b4bf0657188dd44ff878e2fb0dba8d20) Importer(815301076,1909f56bfc062723c751e8b465ee728b)
Start importing Assets/Package04_Free_Kitchen/FreeKitchen/Prefabs/Version01/FreeLamp.prefab using Guid(b4bf0657188dd44ff878e2fb0dba8d20) Importer(815301076,1909f56bfc062723c751e8b465ee728b)  -> (artifact id: 'e4586bc51ab744d2485e436fa827c017') in 0.291439 seconds
Number of updated asset objects reloaded before import = 0
Number of asset objects unloaded after import = 15
========================================================================
Received Import Request.
  Time since last request: 0.014460 seconds.
  path: Assets/LowPolyFoodLite/Prefabs/Carrot.prefab
  artifactKey: Guid(ac3960763d9ed134b93e9bf2315734f3) Importer(815301076,1909f56bfc062723c751e8b465ee728b)
Start importing Assets/LowPolyFoodLite/Prefabs/Carrot.prefab using Guid(ac3960763d9ed134b93e9bf2315734f3) Importer(815301076,1909f56bfc062723c751e8b465ee728b)  -> (artifact id: '431f696afc1ac6d3ceb825921a60bc40') in 0.066581 seconds
Number of updated asset objects reloaded before import = 0
Number of asset objects unloaded after import = 10
========================================================================
Received Import Request.
  Time since last request: 0.000017 seconds.
  path: Assets/Package04_Free_Kitchen/FreeKitchen/Prefabs/Version01/FreeBowl01.prefab
  artifactKey: Guid(bdc2838c2d06e45218b13be8488e80f8) Importer(815301076,1909f56bfc062723c751e8b465ee728b)
Start importing Assets/Package04_Free_Kitchen/FreeKitchen/Prefabs/Version01/FreeBowl01.prefab using Guid(bdc2838c2d06e45218b13be8488e80f8) Importer(815301076,1909f56bfc062723c751e8b465ee728b)  -> (artifact id: '1ddf03855727bfab307357200a4e8444') in 0.156034 seconds
Number of updated asset objects reloaded before import = 0
Number of asset objects unloaded after import = 13
========================================================================
Received Import Request.
  Time since last request: 0.000052 seconds.
  path: Assets/LowPolyFoodLite/Models/Cookie.fbx
  artifactKey: Guid(da710866c27b3ac44b4893c9463856c4) Importer(815301076,1909f56bfc062723c751e8b465ee728b)
Start importing Assets/LowPolyFoodLite/Models/Cookie.fbx using Guid(da710866c27b3ac44b4893c9463856c4) Importer(815301076,1909f56bfc062723c751e8b465ee728b)  -> (artifact id: '26941145e922998ea05eb007ec353b65') in 0.043137 seconds
Number of updated asset objects reloaded before import = 0
Number of asset objects unloaded after import = 7
========================================================================
Received Import Request.
  Time since last request: 0.000315 seconds.
  path: Assets/LowPolyFoodLite/Models/KitchenProps_01.fbx
  artifactKey: Guid(b038d5b88a4dfff459d931acc59c90f0) Importer(815301076,1909f56bfc062723c751e8b465ee728b)
Start importing Assets/LowPolyFoodLite/Models/KitchenProps_01.fbx using Guid(b038d5b88a4dfff459d931acc59c90f0) Importer(815301076,1909f56bfc062723c751e8b465ee728b)  -> (artifact id: '404ba5044e85ec83cb11df063f8bf968') in 0.045220 seconds
Number of updated asset objects reloaded before import = 0
Number of asset objects unloaded after import = 7
========================================================================
Received Import Request.
  Time since last request: 0.000046 seconds.
  path: Assets/LowPolyFoodLite/Models/Broccoli.fbx
  artifactKey: Guid(6f41ced50b4be084786971caeec1f413) Importer(815301076,1909f56bfc062723c751e8b465ee728b)
Start importing Assets/LowPolyFoodLite/Models/Broccoli.fbx using Guid(6f41ced50b4be084786971caeec1f413) Importer(815301076,1909f56bfc062723c751e8b465ee728b)  -> (artifact id: 'e9b56595ee88ff6558a369179a9d82a5') in 0.040265 seconds
Number of updated asset objects reloaded before import = 0
Number of asset objects unloaded after import = 7
========================================================================
Received Import Request.
  Time since last request: 0.000033 seconds.
  path: Assets/Kitchen Asset/Prefabs/Apple.prefab
  artifactKey: Guid(7cd627a1919ab7748980fbcec674e6a0) Importer(815301076,1909f56bfc062723c751e8b465ee728b)
Start importing Assets/Kitchen Asset/Prefabs/Apple.prefab using Guid(7cd627a1919ab7748980fbcec674e6a0) Importer(815301076,1909f56bfc062723c751e8b465ee728b)  -> (artifact id: 'cd8da68fca20e9b479873d0329e0b730') in 0.005894 seconds
Number of updated asset objects reloaded before import = 0
Number of asset objects unloaded after import = 6
========================================================================
Received Import Request.
  Time since last request: 0.000039 seconds.
  path: Assets/Kitchen Asset/FBX/Ladle/Ladle.fbx
  artifactKey: Guid(f136666a98979f24e9c0b5b3ddcf5054) Importer(815301076,1909f56bfc062723c751e8b465ee728b)
Start importing Assets/Kitchen Asset/FBX/Ladle/Ladle.fbx using Guid(f136666a98979f24e9c0b5b3ddcf5054) Importer(815301076,1909f56bfc062723c751e8b465ee728b)  -> (artifact id: 'a9632b5aefae88135a43563539ec285b') in 0.136634 seconds
Number of updated asset objects reloaded before import = 0
Number of asset objects unloaded after import = 12
========================================================================
Received Import Request.
  Time since last request: 0.000063 seconds.
  path: Assets/Kitchen Asset/FBX/Lemon/Lemon.fbx
  artifactKey: Guid(b525ae10a281d5744b5bbe676e258c32) Importer(815301076,1909f56bfc062723c751e8b465ee728b)
Start importing Assets/Kitchen Asset/FBX/Lemon/Lemon.fbx using Guid(b525ae10a281d5744b5bbe676e258c32) Importer(815301076,1909f56bfc062723c751e8b465ee728b)  -> (artifact id: '87282a7aba18cb3578904777363301d2') in 0.160973 seconds
Number of updated asset objects reloaded before import = 0
Number of asset objects unloaded after import = 12
========================================================================
Received Import Request.
  Time since last request: 0.000075 seconds.
  path: Assets/LowPolyFoodLite/Prefabs/Cake.prefab
  artifactKey: Guid(c6f47410b0c7bfa488e17d3d793d6de4) Importer(815301076,1909f56bfc062723c751e8b465ee728b)
Start importing Assets/LowPolyFoodLite/Prefabs/Cake.prefab using Guid(c6f47410b0c7bfa488e17d3d793d6de4) Importer(815301076,1909f56bfc062723c751e8b465ee728b)  -> (artifact id: 'a4b0ddc3c7b86d3b3adb8b6ec724f112') in 0.059436 seconds
Number of updated asset objects reloaded before import = 0
Number of asset objects unloaded after import = 10
========================================================================
Received Import Request.
  Time since last request: 0.000035 seconds.
  path: Assets/Kitchen Asset/FBX/Cap/Cap/Cap.fbx
  artifactKey: Guid(255d2f4652571014ea94661ea5b09a7a) Importer(815301076,1909f56bfc062723c751e8b465ee728b)
Start importing Assets/Kitchen Asset/FBX/Cap/Cap/Cap.fbx using Guid(255d2f4652571014ea94661ea5b09a7a) Importer(815301076,1909f56bfc062723c751e8b465ee728b)  -> (artifact id: '22024a3ea3fb9a54e9c5a38a2b2633a3') in 0.143415 seconds
Number of updated asset objects reloaded before import = 0
Number of asset objects unloaded after import = 11
========================================================================
Received Import Request.
  Time since last request: 0.000053 seconds.
  path: Assets/Package04_Free_Kitchen/FreeKitchen/Prefabs/Version02/FreeBowl01.prefab
  artifactKey: Guid(f9b46880c7d52469a8c1b79e124a0b45) Importer(815301076,1909f56bfc062723c751e8b465ee728b)
Start importing Assets/Package04_Free_Kitchen/FreeKitchen/Prefabs/Version02/FreeBowl01.prefab using Guid(f9b46880c7d52469a8c1b79e124a0b45) Importer(815301076,1909f56bfc062723c751e8b465ee728b)  -> (artifact id: '8fa223134fa3a2d1e4e425b6c4f964c7') in 0.320808 seconds
Number of updated asset objects reloaded before import = 0
Number of asset objects unloaded after import = 13
========================================================================
Received Import Request.
  Time since last request: 0.000083 seconds.
  path: Assets/Package04_Free_Kitchen/FreeKitchen/Prefabs/Version01/FreeChair.prefab
  artifactKey: Guid(fd97ab50fe8954dbdad1b63fe7179412) Importer(815301076,1909f56bfc062723c751e8b465ee728b)
Start importing Assets/Package04_Free_Kitchen/FreeKitchen/Prefabs/Version01/FreeChair.prefab using Guid(fd97ab50fe8954dbdad1b63fe7179412) Importer(815301076,1909f56bfc062723c751e8b465ee728b)  -> (artifact id: '8673820646435692d0d508b468286439') in 0.262209 seconds
Number of updated asset objects reloaded before import = 0
Number of asset objects unloaded after import = 13
========================================================================
Received Import Request.
  Time since last request: 0.000027 seconds.
  path: Assets/Package04_Free_Kitchen/FreeKitchen/Prefabs/Version03/FreeCup02.prefab
  artifactKey: Guid(1c18ad21c7ffe42d0ac6bd53d86cf4ad) Importer(815301076,1909f56bfc062723c751e8b465ee728b)
Start importing Assets/Package04_Free_Kitchen/FreeKitchen/Prefabs/Version03/FreeCup02.prefab using Guid(1c18ad21c7ffe42d0ac6bd53d86cf4ad) Importer(815301076,1909f56bfc062723c751e8b465ee728b)  -> (artifact id: '0c05c6b4f4b35e5e09f76f37abf0396f') in 0.250410 seconds
Number of updated asset objects reloaded before import = 0
Number of asset objects unloaded after import = 13
========================================================================
Received Import Request.
  Time since last request: 0.006169 seconds.
  path: Assets/Kitchen Asset/FBX/Plates/Plate3/Plate3.fbx
  artifactKey: Guid(aefda7de5ccc6f543a7008b217c128ad) Importer(815301076,1909f56bfc062723c751e8b465ee728b)
Start importing Assets/Kitchen Asset/FBX/Plates/Plate3/Plate3.fbx using Guid(aefda7de5ccc6f543a7008b217c128ad) Importer(815301076,1909f56bfc062723c751e8b465ee728b)  -> (artifact id: '59922f7b7142cb12bdf66949629f4979') in 0.097274 seconds
Number of updated asset objects reloaded before import = 0
Number of asset objects unloaded after import = 11
========================================================================
Received Import Request.
  Time since last request: 0.008677 seconds.
  path: Assets/Kitchen Asset/Prefabs/Fork.prefab
  artifactKey: Guid(b540476b589f10f46abb067b58e9e698) Importer(815301076,1909f56bfc062723c751e8b465ee728b)
Start importing Assets/Kitchen Asset/Prefabs/Fork.prefab using Guid(b540476b589f10f46abb067b58e9e698) Importer(815301076,1909f56bfc062723c751e8b465ee728b)  -> (artifact id: '5f9336cf3f4080bb96a705edac105c75') in 0.003052 seconds
Number of updated asset objects reloaded before import = 0
Number of asset objects unloaded after import = 6
========================================================================
Received Import Request.
  Time since last request: 0.000017 seconds.
  path: Assets/LowPolyFoodLite/Prefabs/CoffeCup.prefab
  artifactKey: Guid(6b5c801f5ca0b3e4aa2780dbe3ba0538) Importer(815301076,1909f56bfc062723c751e8b465ee728b)
Start importing Assets/LowPolyFoodLite/Prefabs/CoffeCup.prefab using Guid(6b5c801f5ca0b3e4aa2780dbe3ba0538) Importer(815301076,1909f56bfc062723c751e8b465ee728b)  -> (artifact id: 'beda0df9641590d8c1f19e699f658f11') in 0.086175 seconds
Number of updated asset objects reloaded before import = 0
Number of asset objects unloaded after import = 10
========================================================================
Received Import Request.
  Time since last request: 0.003232 seconds.
  path: Assets/Kitchen Asset/FBX/Plates/Plate2/Plate2.fbx
  artifactKey: Guid(4464868caa630b14a9ed3938e31b59f2) Importer(815301076,1909f56bfc062723c751e8b465ee728b)
Start importing Assets/Kitchen Asset/FBX/Plates/Plate2/Plate2.fbx using Guid(4464868caa630b14a9ed3938e31b59f2) Importer(815301076,1909f56bfc062723c751e8b465ee728b)  -> (artifact id: '17f9130499239ed697d3b003f4c6c12b') in 0.203413 seconds
Number of updated asset objects reloaded before import = 0
Number of asset objects unloaded after import = 11
========================================================================
Received Import Request.
  Time since last request: 0.000033 seconds.
  path: Assets/Package04_Free_Kitchen/FreeKitchen/Prefabs/Version02/FreeCabinet03_DrawerBig.prefab
  artifactKey: Guid(c0adec9f6a2d84c79bff54e8417e3cf6) Importer(815301076,1909f56bfc062723c751e8b465ee728b)
Start importing Assets/Package04_Free_Kitchen/FreeKitchen/Prefabs/Version02/FreeCabinet03_DrawerBig.prefab using Guid(c0adec9f6a2d84c79bff54e8417e3cf6) Importer(815301076,1909f56bfc062723c751e8b465ee728b)  -> (artifact id: 'c90dce948b01533297c3b6d63ca8b076') in 0.230027 seconds
Number of updated asset objects reloaded before import = 0
Number of asset objects unloaded after import = 13
========================================================================
Received Import Request.
  Time since last request: 0.000032 seconds.
  path: Assets/LowPolyFoodLite/Prefabs/Avocado.prefab
  artifactKey: Guid(aa7a7f86756d6264089705ff022c30c0) Importer(815301076,1909f56bfc062723c751e8b465ee728b)
Start importing Assets/LowPolyFoodLite/Prefabs/Avocado.prefab using Guid(aa7a7f86756d6264089705ff022c30c0) Importer(815301076,1909f56bfc062723c751e8b465ee728b)  -> (artifact id: 'bb1b9face73689073477f2509cd6ad81') in 0.042983 seconds
Number of updated asset objects reloaded before import = 0
Number of asset objects unloaded after import = 10
========================================================================
Received Import Request.
  Time since last request: 0.001505 seconds.
  path: Assets/Package04_Free_Kitchen/FreeKitchen/Prefabs/Version02/CoffeeMakerWithPlateCup.prefab
  artifactKey: Guid(f70a2109cab0142269e40146b9403157) Importer(815301076,1909f56bfc062723c751e8b465ee728b)
Start importing Assets/Package04_Free_Kitchen/FreeKitchen/Prefabs/Version02/CoffeeMakerWithPlateCup.prefab using Guid(f70a2109cab0142269e40146b9403157) Importer(815301076,1909f56bfc062723c751e8b465ee728b)  -> (artifact id: '78ac7b4371410fae992e2887d71c40c1') in 0.505999 seconds
Number of updated asset objects reloaded before import = 0
Number of asset objects unloaded after import = 53
========================================================================
Received Import Request.
  Time since last request: 0.000035 seconds.
  path: Assets/Package04_Free_Kitchen/FreeKitchen/Prefabs/Version01/FreeCup02.prefab
  artifactKey: Guid(c58436ee2750b4eb6b809a7790aa8124) Importer(815301076,1909f56bfc062723c751e8b465ee728b)
Start importing Assets/Package04_Free_Kitchen/FreeKitchen/Prefabs/Version01/FreeCup02.prefab using Guid(c58436ee2750b4eb6b809a7790aa8124) Importer(815301076,1909f56bfc062723c751e8b465ee728b)  -> (artifact id: 'c51aeb626557e9e307b570bdcda5fd70') in 0.258533 seconds
Number of updated asset objects reloaded before import = 0
Number of asset objects unloaded after import = 13
========================================================================
Received Import Request.
  Time since last request: 0.000025 seconds.
  path: Assets/Package04_Free_Kitchen/FreeKitchen/Prefabs/Version03/FreeCabinet01_DoorLeft.prefab
  artifactKey: Guid(38350be02830a4ac4be81d68c399fac8) Importer(815301076,1909f56bfc062723c751e8b465ee728b)
Start importing Assets/Package04_Free_Kitchen/FreeKitchen/Prefabs/Version03/FreeCabinet01_DoorLeft.prefab using Guid(38350be02830a4ac4be81d68c399fac8) Importer(815301076,1909f56bfc062723c751e8b465ee728b)  -> (artifact id: 'bbe0c850703889b92084b945f744ab3a') in 0.207452 seconds
Number of updated asset objects reloaded before import = 0
Number of asset objects unloaded after import = 13
========================================================================
Received Import Request.
  Time since last request: 0.000019 seconds.
  path: Assets/Package04_Free_Kitchen/FreeKitchen/Prefabs/Version02/FreeCabinet01.prefab
  artifactKey: Guid(d449a4154505d4b9aacfd3fd4b49b299) Importer(815301076,1909f56bfc062723c751e8b465ee728b)
Start importing Assets/Package04_Free_Kitchen/FreeKitchen/Prefabs/Version02/FreeCabinet01.prefab using Guid(d449a4154505d4b9aacfd3fd4b49b299) Importer(815301076,1909f56bfc062723c751e8b465ee728b)  -> (artifact id: '1dab15a7b3275577314bcb5847ef2f4c') in 0.201019 seconds
Number of updated asset objects reloaded before import = 0
Number of asset objects unloaded after import = 51
========================================================================
Received Prepare
Refreshing native plugins compatible for Editor in 13.93 ms, found 12 plugins.
Preloading 1 native plugins for Editor in 0.07 ms.
Unloading 0 Unused Serialized files (Serialized files now loaded: 0)
Unloading 0 unused Assets / (0 B). Loaded Objects now: 5172.
Memory consumption went from 86.5 MB to 86.5 MB.
Total: 4.946100 ms (FindLiveObjects: 0.476100 ms CreateObjectMapping: 0.477000 ms MarkObjects: 3.980300 ms  DeleteObjects: 0.011700 ms)

Prepare: number of updated asset objects reloaded= 0
AssetImportParameters requested are different than current active one (requested -> active):
  custom:video-decoder-webm-vp8: 9c59270c3fd7afecdb556c50c9e8de78 -> 
  custom:SearchIndexIgnoredProperties: e643bd26f0fe6173181afceb89e7c659 -> 
  custom:audio-encoder-webm-vorbis: bf7c407c2cedff20999df2af8eb42d56 -> 
  custom:AudioImporter_EditorPlatform: d09bf68614088b80899f8185d706f6e7 -> 
  custom:audio-decoder-ogg-vorbis: bf7c407c2cedff20999df2af8eb42d56 -> 
  custom:video-encoder-webm-vp8: eb34c28f22e8b96e1ab97ce403110664 -> 
  custom:container-demuxer-ogg: 62fdf1f143b41e24485cea50d1cbac27 -> 
  custom:framework-win-MediaFoundation: 216162199b28c13a410421893ffa2e32 -> 
  custom:video-decoder-ogg-theora: a1e56fd34408186e4bbccfd4996cb3dc -> 
  custom:container-muxer-webm: aa71ff27fc2769a1b78a27578f13a17b -> 
  custom:video-codec-MediaFoundation-h265: 746d11721c4dcdbdad8f713fa42b33f4 -> 
  custom:CustomObjectIndexerAttribute: 756ad292c208cfabdd7b50bc23989ffe -> 
  custom:container-demuxer-webm: 4f35f7cbe854078d1ac9338744f61a02 -> 
Editor requested this worker to shutdown with reason: Scaling down because of idle timeout
AssetImportWorker is now disconnected from the server
Process exiting
Exiting without the bug reporter. Application will terminate with return code 0