Using pre-set license
Built from '2023.1/staging' branch; Version is '2023.1.12f1 (38370f5b2257) revision 3684111'; Using compiler version '192829333'; Build Type 'Release'
OS: 'Windows 10  (10.0.19045) 64bit Core' Language: 'en' Physical Memory: 32699 MB
BatchMode: 1, IsHumanControllingUs: 0, StartBugReporterOnCrash: 0, Is64bit: 1, IsPro: 1

COMMAND LINE ARGUMENTS:
C:\Program Files\Unity\Hub\Editor\2023.1.12f1\Editor\Unity.exe
-adb2
-batchMode
-noUpm
-name
AssetImportWorker3
-projectPath
C:/Users/Andrei/Desktop/Andrei/XRD-X5VR
-logFile
Logs/AssetImportWorker3.log
-srvPort
6839
Successfully changed project path to: C:/Users/Andrei/Desktop/Andrei/XRD-X5VR
C:/Users/Andrei/Desktop/Andrei/XRD-X5VR
[UnityMemory] Configuration Parameters - Can be set up in boot.config
    "memorysetup-bucket-allocator-granularity=16"
    "memorysetup-bucket-allocator-bucket-count=8"
    "memorysetup-bucket-allocator-block-size=33554432"
    "memorysetup-bucket-allocator-block-count=8"
    "memorysetup-main-allocator-block-size=16777216"
    "memorysetup-thread-allocator-block-size=16777216"
    "memorysetup-gfx-main-allocator-block-size=16777216"
    "memorysetup-gfx-thread-allocator-block-size=16777216"
    "memorysetup-cache-allocator-block-size=4194304"
    "memorysetup-typetree-allocator-block-size=2097152"
    "memorysetup-profiler-bucket-allocator-granularity=16"
    "memorysetup-profiler-bucket-allocator-bucket-count=8"
    "memorysetup-profiler-bucket-allocator-block-size=33554432"
    "memorysetup-profiler-bucket-allocator-block-count=8"
    "memorysetup-profiler-allocator-block-size=16777216"
    "memorysetup-profiler-editor-allocator-block-size=1048576"
    "memorysetup-temp-allocator-size-main=16777216"
    "memorysetup-job-temp-allocator-block-size=2097152"
    "memorysetup-job-temp-allocator-block-size-background=1048576"
    "memorysetup-job-temp-allocator-reduction-small-platforms=262144"
    "memorysetup-allocator-temp-initial-block-size-main=262144"
    "memorysetup-allocator-temp-initial-block-size-worker=262144"
    "memorysetup-temp-allocator-size-background-worker=32768"
    "memorysetup-temp-allocator-size-job-worker=262144"
    "memorysetup-temp-allocator-size-preload-manager=33554432"
    "memorysetup-temp-allocator-size-nav-mesh-worker=65536"
    "memorysetup-temp-allocator-size-audio-worker=65536"
    "memorysetup-temp-allocator-size-cloud-worker=32768"
    "memorysetup-temp-allocator-size-gi-baking-worker=262144"
    "memorysetup-temp-allocator-size-gfx=262144"
Unable to join player connection multicast group (err: 10013).
Player connection [34412] Host "[IP] 172.26.240.1 [Port] 0 [Flags] 2 [Guid] 402581275 [EditorId] 402581275 [Version] 1048832 [Id] WindowsEditor(7,DESKTOP-3JG145E) [Debug] 1 [PackageName] WindowsEditor [ProjectName] Editor" joined alternative multi-casting on [225.0.0.222:34997]...

[Physics::Module] Initialized MultithreadedJobDispatcher with 15 workers.
Library Redirect Path: Library/Refreshing native plugins compatible for Editor in 22.79 ms, found 12 plugins.
Preloading 1 native plugins for Editor in 0.69 ms.
Initialize engine version: 2023.1.12f1 (38370f5b2257)
[Subsystems] Discovering subsystems at path C:/Program Files/Unity/Hub/Editor/2023.1.12f1/Editor/Data/Resources/UnitySubsystems
[Subsystems] Discovering subsystems at path C:/Users/Andrei/Desktop/Andrei/XRD-X5VR/Assets
GfxDevice: creating device client; threaded=0; jobified=0
Direct3D:
    Version:  Direct3D 11.0 [level 11.1]
    Renderer: NVIDIA GeForce RTX 2080 SUPER (ID=0x1e81)
    Vendor:   NVIDIA
    VRAM:     8001 MB
    Driver:   31.0.15.3758
Initialize mono
Mono path[0] = 'C:/Program Files/Unity/Hub/Editor/2023.1.12f1/Editor/Data/Managed'
Mono path[1] = 'C:/Program Files/Unity/Hub/Editor/2023.1.12f1/Editor/Data/MonoBleedingEdge/lib/mono/unityjit-win32'
Mono config path = 'C:/Program Files/Unity/Hub/Editor/2023.1.12f1/Editor/Data/MonoBleedingEdge/etc'
Using monoOptions --debugger-agent=transport=dt_socket,embedding=1,server=y,suspend=n,address=127.0.0.1:56152
Begin MonoManager ReloadAssembly
C:\build\output\Unity-Technologies\mono\mono\metadata\icall.c:1842:
C:\build\output\Unity-Technologies\mono\mono\metadata\icall.c:1842:
C:\build\output\Unity-Technologies\mono\mono\metadata\icall.c:1842:
C:\build\output\Unity-Technologies\mono\mono\metadata\icall.c:1842:
C:\build\output\Unity-Technologies\mono\mono\metadata\icall.c:1842:
C:\build\output\Unity-Technologies\mono\mono\metadata\icall.c:1842:
C:\build\output\Unity-Technologies\mono\mono\metadata\icall.c:1842:
C:\build\output\Unity-Technologies\mono\mono\metadata\icall.c:1842:
C:\build\output\Unity-Technologies\mono\mono\metadata\icall.c:1842:
C:\build\output\Unity-Technologies\mono\mono\metadata\icall.c:1842:
Registering precompiled unity dll's ...
Register platform support module: C:/Program Files/Unity/Hub/Editor/2023.1.12f1/Editor/Data/PlaybackEngines/WindowsStandaloneSupport/UnityEditor.WindowsStandalone.Extensions.dll
Register platform support module: C:/Program Files/Unity/Hub/Editor/2023.1.12f1/Editor/Data/PlaybackEngines/AndroidPlayer/UnityEditor.Android.Extensions.dll
Registered in 0.006251 seconds.
- Loaded All Assemblies, in  0.396 seconds
Native extension for Android target not found
Android Extension - Scanning For ADB Devices 1835 ms
Native extension for WindowsStandalone target not found
Mono: successfully reloaded assembly
C:\build\output\Unity-Technologies\mono\mono\metadata\icall.c:1842:
C:\build\output\Unity-Technologies\mono\mono\metadata\icall.c:1842:
- Finished resetting the current domain, in  2.190 seconds
Domain Reload Profiling: 2582ms
	BeginReloadAssembly (128ms)
		ExecutionOrderSort (0ms)
		DisableScriptedObjects (0ms)
		BackupInstance (0ms)
		ReleaseScriptingObjects (0ms)
		CreateAndSetChildDomain (1ms)
	RebuildCommonClasses (32ms)
	RebuildNativeTypeToScriptingClass (11ms)
	initialDomainReloadingComplete (50ms)
	LoadAllAssembliesAndSetupDomain (170ms)
		LoadAssemblies (123ms)
		RebuildTransferFunctionScriptingTraits (0ms)
		AnalyzeDomain (162ms)
			TypeCache.Refresh (161ms)
				TypeCache.ScanAssembly (149ms)
			ScanForSourceGeneratedMonoScriptInfo (0ms)
			ResolveRequiredComponents (0ms)
	FinalizeReload (2191ms)
		ReleaseScriptCaches (0ms)
		RebuildScriptCaches (0ms)
		SetupLoadedEditorAssemblies (2143ms)
			LogAssemblyErrors (0ms)
			InitializePlatformSupportModulesInManaged (1947ms)
			SetLoadedEditorAssemblies (3ms)
			BeforeProcessingInitializeOnLoad (6ms)
			ProcessInitializeOnLoadAttributes (125ms)
			ProcessInitializeOnLoadMethodAttributes (62ms)
			AfterProcessingInitializeOnLoad (0ms)
			EditorAssembliesLoaded (0ms)
		ExecutionOrderSort2 (0ms)
		AwakeInstancesAfterBackupRestoration (0ms)
========================================================================
Worker process is ready to serve import requests
Import Worker Mode flag is 0x00
Begin MonoManager ReloadAssembly
C:\build\output\Unity-Technologies\mono\mono\metadata\icall.c:1842:
C:\build\output\Unity-Technologies\mono\mono\metadata\icall.c:1842:
C:\build\output\Unity-Technologies\mono\mono\metadata\icall.c:1842:
C:\build\output\Unity-Technologies\mono\mono\metadata\icall.c:1842:
C:\build\output\Unity-Technologies\mono\mono\metadata\icall.c:1842:
C:\build\output\Unity-Technologies\mono\mono\metadata\icall.c:1842:
C:\build\output\Unity-Technologies\mono\mono\metadata\icall.c:1842:
C:\build\output\Unity-Technologies\mono\mono\metadata\icall.c:1842:
C:\build\output\Unity-Technologies\mono\mono\metadata\icall.c:1842:
C:\build\output\Unity-Technologies\mono\mono\metadata\icall.c:1842:
C:\build\output\Unity-Technologies\mono\mono\metadata\icall.c:1842:
C:\build\output\Unity-Technologies\mono\mono\metadata\icall.c:1842:
Symbol file LoadedFromMemory doesn't match image C:\Users\Andrei\Desktop\Andrei\XRD-X5VR\Library\PackageCache\com.unity.visualscripting@1.8.0\Editor\VisualScripting.Core\Dependencies\YamlDotNet\Unity.VisualScripting.YamlDotNet.dll
Symbol file LoadedFromMemory doesn't match image C:\Users\Andrei\Desktop\Andrei\XRD-X5VR\Library\PackageCache\com.unity.visualscripting@1.8.0\Editor\VisualScripting.Core\Dependencies\DotNetZip\Unity.VisualScripting.IonicZip.dll
- Loaded All Assemblies, in  1.069 seconds
Refreshing native plugins compatible for Editor in 12.61 ms, found 12 plugins.
Native extension for Android target not found
Native extension for WindowsStandalone target not found
Package Manager log level set to [2]
[Package Manager] Failed to launch server process. Reason: Unity was launched with the -noUpm command-line argument
[Package Manager] Unable to send message (not connected to server process).
[Package Manager] Cannot connect to Unity Package Manager local server
System.Reflection.TargetInvocationException: Exception has been thrown by the target of an invocation. ---> System.NullReferenceException: Object reference not set to an instance of an object
  at Unity.XR.Oculus.OculusLoader.AssetPathToAbsolutePath (System.String assetPath) [0x0003d] in .\Library\PackageCache\com.unity.xr.oculus@4.0.0\Runtime\OculusLoader.cs:282 
  at Unity.XR.Oculus.OculusLoader.EditorLoadOVRPlugin () [0x0007b] in .\Library\PackageCache\com.unity.xr.oculus@4.0.0\Runtime\OculusLoader.cs:267 
  at (wrapper managed-to-native) System.Reflection.RuntimeMethodInfo.InternalInvoke(System.Reflection.RuntimeMethodInfo,object,object[],System.Exception&)
  at System.Reflection.RuntimeMethodInfo.Invoke (System.Object obj, System.Reflection.BindingFlags invokeAttr, System.Reflection.Binder binder, System.Object[] parameters, System.Globalization.CultureInfo culture) [0x0006a] in <fb9cb1df970c4c34a7934ab4caf453a1>:0 
   --- End of inner exception stack trace ---
  at System.Reflection.RuntimeMethodInfo.Invoke (System.Object obj, System.Reflection.BindingFlags invokeAttr, System.Reflection.Binder binder, System.Object[] parameters, System.Globalization.CultureInfo culture) [0x00083] in <fb9cb1df970c4c34a7934ab4caf453a1>:0 
  at System.Reflection.MethodBase.Invoke (System.Object obj, System.Object[] parameters) [0x00000] in <fb9cb1df970c4c34a7934ab4caf453a1>:0 
  at UnityEditor.EditorAssemblies.ProcessInitializeOnLoadMethodAttributes () [0x00056] in <0be88e8ab6e346e9aff7a2ef25f50b89>:0 
UnityEngine.StackTraceUtility:ExtractStackTrace ()
UnityEngine.DebugLogHandler:Internal_Log (UnityEngine.LogType,UnityEngine.LogOption,string,UnityEngine.Object)
UnityEngine.DebugLogHandler:LogFormat (UnityEngine.LogType,UnityEngine.Object,string,object[])
UnityEngine.Logger:Log (UnityEngine.LogType,object)
UnityEngine.Debug:LogError (object)
UnityEditor.EditorAssemblies:ProcessInitializeOnLoadMethodAttributes ()

Mono: successfully reloaded assembly
[Package Manager] Failed to launch server process. Reason: Unity was launched with the -noUpm command-line argument
[Package Manager] Unable to send message (not connected to server process).
[Package Manager] Cannot connect to Unity Package Manager local server
[Package Manager] Failed to launch server process. Reason: Unity was launched with the -noUpm command-line argument
[Package Manager] Unable to send message (not connected to server process).
[Package Manager] Cannot connect to Unity Package Manager local server
- Finished resetting the current domain, in  0.719 seconds
Domain Reload Profiling: 1780ms
	BeginReloadAssembly (291ms)
		ExecutionOrderSort (0ms)
		DisableScriptedObjects (5ms)
		BackupInstance (0ms)
		ReleaseScriptingObjects (0ms)
		CreateAndSetChildDomain (33ms)
	RebuildCommonClasses (39ms)
	RebuildNativeTypeToScriptingClass (11ms)
	initialDomainReloadingComplete (44ms)
	LoadAllAssembliesAndSetupDomain (675ms)
		LoadAssemblies (348ms)
		RebuildTransferFunctionScriptingTraits (0ms)
		AnalyzeDomain (420ms)
			TypeCache.Refresh (392ms)
				TypeCache.ScanAssembly (372ms)
			ScanForSourceGeneratedMonoScriptInfo (22ms)
			ResolveRequiredComponents (6ms)
	FinalizeReload (719ms)
		ReleaseScriptCaches (0ms)
		RebuildScriptCaches (0ms)
		SetupLoadedEditorAssemblies (493ms)
			LogAssemblyErrors (0ms)
			InitializePlatformSupportModulesInManaged (24ms)
			SetLoadedEditorAssemblies (3ms)
			BeforeProcessingInitializeOnLoad (94ms)
			ProcessInitializeOnLoadAttributes (317ms)
			ProcessInitializeOnLoadMethodAttributes (49ms)
			AfterProcessingInitializeOnLoad (7ms)
			EditorAssembliesLoaded (0ms)
		ExecutionOrderSort2 (0ms)
		AwakeInstancesAfterBackupRestoration (7ms)
Launched and connected shader compiler UnityShaderCompiler.exe after 0.01 seconds
Refreshing native plugins compatible for Editor in 19.39 ms, found 12 plugins.
Preloading 1 native plugins for Editor in 0.12 ms.
Unloading 4574 Unused Serialized files (Serialized files now loaded: 0)
Unloading 77 unused Assets / (69.6 KB). Loaded Objects now: 5127.
Memory consumption went from 157.8 MB to 157.8 MB.
Total: 6.459700 ms (FindLiveObjects: 0.441200 ms CreateObjectMapping: 0.405200 ms MarkObjects: 5.441800 ms  DeleteObjects: 0.170500 ms)

AssetImportParameters requested are different than current active one (requested -> active):
  custom:video-decoder-webm-vp8: 9c59270c3fd7afecdb556c50c9e8de78 -> 
  custom:SearchIndexIgnoredProperties: e643bd26f0fe6173181afceb89e7c659 -> 
  custom:audio-encoder-webm-vorbis: bf7c407c2cedff20999df2af8eb42d56 -> 
  custom:AudioImporter_EditorPlatform: d09bf68614088b80899f8185d706f6e7 -> 
  custom:audio-decoder-ogg-vorbis: bf7c407c2cedff20999df2af8eb42d56 -> 
  custom:video-encoder-webm-vp8: eb34c28f22e8b96e1ab97ce403110664 -> 
  custom:container-demuxer-ogg: 62fdf1f143b41e24485cea50d1cbac27 -> 
  custom:framework-win-MediaFoundation: 216162199b28c13a410421893ffa2e32 -> 
  custom:video-decoder-ogg-theora: a1e56fd34408186e4bbccfd4996cb3dc -> 
  custom:container-muxer-webm: aa71ff27fc2769a1b78a27578f13a17b -> 
  custom:video-codec-MediaFoundation-h265: 746d11721c4dcdbdad8f713fa42b33f4 -> 
  custom:container-demuxer-webm: 4f35f7cbe854078d1ac9338744f61a02 -> 
========================================================================
Received Import Request.
  Time since last request: 20321.269120 seconds.
  path: Assets/LowPolyFoodLite/Prefabs/Cookie.prefab
  artifactKey: Guid(bb285724e2c64684b817d021a6bc867d) Importer(815301076,1909f56bfc062723c751e8b465ee728b)
Start importing Assets/LowPolyFoodLite/Prefabs/Cookie.prefab using Guid(bb285724e2c64684b817d021a6bc867d) Importer(815301076,1909f56bfc062723c751e8b465ee728b)  -> (artifact id: '1e39cb98813c0c40cd5b47119e0eeddf') in 0.207272 seconds
Number of updated asset objects reloaded before import = 0
Number of asset objects unloaded after import = 10
========================================================================
Received Import Request.
  Time since last request: 0.000051 seconds.
  path: Assets/LowPolyFoodLite/Models/Pear.fbx
  artifactKey: Guid(ebec41d2536eb3c4eafa75e0c95f6d31) Importer(815301076,1909f56bfc062723c751e8b465ee728b)
Start importing Assets/LowPolyFoodLite/Models/Pear.fbx using Guid(ebec41d2536eb3c4eafa75e0c95f6d31) Importer(815301076,1909f56bfc062723c751e8b465ee728b)  -> (artifact id: 'db39bd8d1a8184029173627642d5d9af') in 0.067881 seconds
Number of updated asset objects reloaded before import = 0
Number of asset objects unloaded after import = 7
========================================================================
Received Import Request.
  Time since last request: 0.000027 seconds.
  path: Assets/Package04_Free_Kitchen/FreeKitchen/Prefabs/Version03/FreeBowl02.prefab
  artifactKey: Guid(e846334a742a443e3bea8b7fb0ad986e) Importer(815301076,1909f56bfc062723c751e8b465ee728b)
Start importing Assets/Package04_Free_Kitchen/FreeKitchen/Prefabs/Version03/FreeBowl02.prefab using Guid(e846334a742a443e3bea8b7fb0ad986e) Importer(815301076,1909f56bfc062723c751e8b465ee728b)  -> (artifact id: 'a30f513f3a5e7fbf7ab6ee4fe8613eb6') in 0.528123 seconds
Number of updated asset objects reloaded before import = 0
Number of asset objects unloaded after import = 13
========================================================================
Received Import Request.
  Time since last request: 0.000039 seconds.
  path: Assets/Package04_Free_Kitchen/FreeKitchen/Prefabs/Version03/FreeCabinet02.prefab
  artifactKey: Guid(1cf3fa848684a40c89252e5dfeb46937) Importer(815301076,1909f56bfc062723c751e8b465ee728b)
Start importing Assets/Package04_Free_Kitchen/FreeKitchen/Prefabs/Version03/FreeCabinet02.prefab using Guid(1cf3fa848684a40c89252e5dfeb46937) Importer(815301076,1909f56bfc062723c751e8b465ee728b)  -> (artifact id: 'f5e0bbd3fc25bd59a0c774264e9e117a') in 0.181112 seconds
Number of updated asset objects reloaded before import = 0
Number of asset objects unloaded after import = 32
========================================================================
Received Import Request.
  Time since last request: 0.000024 seconds.
  path: Assets/Package04_Free_Kitchen/FreeKitchen/Materials/Version01/FreeRefrigeratorMaterial.mat
  artifactKey: Guid(bc2a01896b0634202aa60a2121ae0a9b) Importer(815301076,1909f56bfc062723c751e8b465ee728b)
Start importing Assets/Package04_Free_Kitchen/FreeKitchen/Materials/Version01/FreeRefrigeratorMaterial.mat using Guid(bc2a01896b0634202aa60a2121ae0a9b) Importer(815301076,1909f56bfc062723c751e8b465ee728b)  -> (artifact id: 'c2e07b75ba037770c6cb1d1323536556') in 0.306919 seconds
Number of updated asset objects reloaded before import = 0
Number of asset objects unloaded after import = 10
========================================================================
Received Import Request.
  Time since last request: 0.000035 seconds.
  path: Assets/LowPolyFoodLite/Models/Knife.fbx
  artifactKey: Guid(fd60263792e82964bac79b765f4eba88) Importer(815301076,1909f56bfc062723c751e8b465ee728b)
Start importing Assets/LowPolyFoodLite/Models/Knife.fbx using Guid(fd60263792e82964bac79b765f4eba88) Importer(815301076,1909f56bfc062723c751e8b465ee728b)  -> (artifact id: '1e126593933ae62192ba5dd184e5ad56') in 0.051850 seconds
Number of updated asset objects reloaded before import = 0
Number of asset objects unloaded after import = 7
========================================================================
Received Import Request.
  Time since last request: 0.000264 seconds.
  path: Assets/Package04_Free_Kitchen/FreeKitchen/Prefabs/Version01/CoffeeMakerWithPlateCup.prefab
  artifactKey: Guid(84202f826ed8049968b0038cb85cd90c) Importer(815301076,1909f56bfc062723c751e8b465ee728b)
Start importing Assets/Package04_Free_Kitchen/FreeKitchen/Prefabs/Version01/CoffeeMakerWithPlateCup.prefab using Guid(84202f826ed8049968b0038cb85cd90c) Importer(815301076,1909f56bfc062723c751e8b465ee728b)  -> (artifact id: 'd94376eaf34e2f13700477f6ef58677c') in 0.606853 seconds
Number of updated asset objects reloaded before import = 0
Number of asset objects unloaded after import = 53
========================================================================
Received Import Request.
  Time since last request: 0.000023 seconds.
  path: Assets/Package04_Free_Kitchen/FreeKitchen/Prefabs/Version01/FreeCabinet01.prefab
  artifactKey: Guid(354b0d9c827f64fe8bad65aee9c06c4b) Importer(815301076,1909f56bfc062723c751e8b465ee728b)
Start importing Assets/Package04_Free_Kitchen/FreeKitchen/Prefabs/Version01/FreeCabinet01.prefab using Guid(354b0d9c827f64fe8bad65aee9c06c4b) Importer(815301076,1909f56bfc062723c751e8b465ee728b)  -> (artifact id: '6eeee875884db8a1e3347b92ea5f93b0') in 0.202021 seconds
Number of updated asset objects reloaded before import = 0
Number of asset objects unloaded after import = 51
========================================================================
Received Import Request.
  Time since last request: 0.000034 seconds.
  path: Assets/Package04_Free_Kitchen/FreeKitchen/Prefabs/Version02/FreeCabinet01_DoorLeft.prefab
  artifactKey: Guid(99ee90d1610c340478aa3a25e9c2b009) Importer(815301076,1909f56bfc062723c751e8b465ee728b)
Start importing Assets/Package04_Free_Kitchen/FreeKitchen/Prefabs/Version02/FreeCabinet01_DoorLeft.prefab using Guid(99ee90d1610c340478aa3a25e9c2b009) Importer(815301076,1909f56bfc062723c751e8b465ee728b)  -> (artifact id: 'dbe61bb27d2e189f6fd226de8c18d45a') in 0.180553 seconds
Number of updated asset objects reloaded before import = 0
Number of asset objects unloaded after import = 13
========================================================================
Received Import Request.
  Time since last request: 0.000477 seconds.
  path: Assets/Package04_Free_Kitchen/FreeKitchen/Models/FreeRefrigerator.fbx
  artifactKey: Guid(2b7c965ce965046faab61e0ccfefac3b) Importer(815301076,1909f56bfc062723c751e8b465ee728b)
Start importing Assets/Package04_Free_Kitchen/FreeKitchen/Models/FreeRefrigerator.fbx using Guid(2b7c965ce965046faab61e0ccfefac3b) Importer(815301076,1909f56bfc062723c751e8b465ee728b)  -> (artifact id: '0f2e3953ef71f72d28a49b503c4a62fb') in 0.300857 seconds
Number of updated asset objects reloaded before import = 0
Number of asset objects unloaded after import = 29
========================================================================
Received Import Request.
  Time since last request: 0.000058 seconds.
  path: Assets/Package04_Free_Kitchen/FreeKitchen/Models/FreeMirkowave.fbx
  artifactKey: Guid(b8ebfe305189541c599cfac2c3f6ee68) Importer(815301076,1909f56bfc062723c751e8b465ee728b)
Start importing Assets/Package04_Free_Kitchen/FreeKitchen/Models/FreeMirkowave.fbx using Guid(b8ebfe305189541c599cfac2c3f6ee68) Importer(815301076,1909f56bfc062723c751e8b465ee728b)  -> (artifact id: '69fc5389c5aebf646ebd9dd184420820') in 0.319893 seconds
Number of updated asset objects reloaded before import = 0
Number of asset objects unloaded after import = 24
========================================================================
Received Import Request.
  Time since last request: 0.000027 seconds.
  path: Assets/Package04_Free_Kitchen/FreeKitchen/Prefabs/Version02/FreeCarpet.prefab
  artifactKey: Guid(d8c9f5958f08e4314bc2a13e2711ce45) Importer(815301076,1909f56bfc062723c751e8b465ee728b)
Start importing Assets/Package04_Free_Kitchen/FreeKitchen/Prefabs/Version02/FreeCarpet.prefab using Guid(d8c9f5958f08e4314bc2a13e2711ce45) Importer(815301076,1909f56bfc062723c751e8b465ee728b)  -> (artifact id: 'f1e37772517ce9c16472273767e11785') in 0.212102 seconds
Number of updated asset objects reloaded before import = 0
Number of asset objects unloaded after import = 12
========================================================================
Received Import Request.
  Time since last request: 0.000033 seconds.
  path: Assets/LowPolyFoodLite/Models/Cake.fbx
  artifactKey: Guid(6524c1de4d7db9e44ac6ab511a6ced7f) Importer(815301076,1909f56bfc062723c751e8b465ee728b)
Start importing Assets/LowPolyFoodLite/Models/Cake.fbx using Guid(6524c1de4d7db9e44ac6ab511a6ced7f) Importer(815301076,1909f56bfc062723c751e8b465ee728b)  -> (artifact id: '844ba0ae2608d40966505943d45e48d5') in 0.062706 seconds
Number of updated asset objects reloaded before import = 0
Number of asset objects unloaded after import = 7
========================================================================
Received Import Request.
  Time since last request: 0.000056 seconds.
  path: Assets/LowPolyFoodLite/Prefabs/Broccoli.prefab
  artifactKey: Guid(5bef41f8151d12e47b88b8ec00bc0b63) Importer(815301076,1909f56bfc062723c751e8b465ee728b)
Start importing Assets/LowPolyFoodLite/Prefabs/Broccoli.prefab using Guid(5bef41f8151d12e47b88b8ec00bc0b63) Importer(815301076,1909f56bfc062723c751e8b465ee728b)  -> (artifact id: 'cac5e7854750e440cbf19d5bc46d1ccf') in 0.028042 seconds
Number of updated asset objects reloaded before import = 0
Number of asset objects unloaded after import = 10
========================================================================
Received Import Request.
  Time since last request: 0.000024 seconds.
  path: Assets/Package04_Free_Kitchen/FreeKitchen/Prefabs/Version02/FreeCup.prefab
  artifactKey: Guid(c3c90336d542b4e6abb01875a24f00b9) Importer(815301076,1909f56bfc062723c751e8b465ee728b)
Start importing Assets/Package04_Free_Kitchen/FreeKitchen/Prefabs/Version02/FreeCup.prefab using Guid(c3c90336d542b4e6abb01875a24f00b9) Importer(815301076,1909f56bfc062723c751e8b465ee728b)  -> (artifact id: 'be6599928f66b123f35570f7b726f083') in 0.207184 seconds
Number of updated asset objects reloaded before import = 0
Number of asset objects unloaded after import = 13
========================================================================
Received Import Request.
  Time since last request: 0.000019 seconds.
  path: Assets/Kitchen Asset/Prefabs/DeepPlate.prefab
  artifactKey: Guid(573c24db696ae0b4091b43e2066b558d) Importer(815301076,1909f56bfc062723c751e8b465ee728b)
Start importing Assets/Kitchen Asset/Prefabs/DeepPlate.prefab using Guid(573c24db696ae0b4091b43e2066b558d) Importer(815301076,1909f56bfc062723c751e8b465ee728b)  -> (artifact id: 'db5b466e62c22c8c215d8bab8db440fa') in 0.002838 seconds
Number of updated asset objects reloaded before import = 0
Number of asset objects unloaded after import = 6
========================================================================
Received Import Request.
  Time since last request: 0.000032 seconds.
  path: Assets/LowPolyFoodLite/Prefabs/Bread.prefab
  artifactKey: Guid(d6846055e97b9ac42a6e11a3ea4f1237) Importer(815301076,1909f56bfc062723c751e8b465ee728b)
Start importing Assets/LowPolyFoodLite/Prefabs/Bread.prefab using Guid(d6846055e97b9ac42a6e11a3ea4f1237) Importer(815301076,1909f56bfc062723c751e8b465ee728b)  -> (artifact id: '35301e463d61fc5158d2b5f4fabc51b8') in 0.046934 seconds
Number of updated asset objects reloaded before import = 0
Number of asset objects unloaded after import = 10
========================================================================
Received Import Request.
  Time since last request: 0.000086 seconds.
  path: Assets/Kitchen Asset/Prefabs/deeppan.prefab
  artifactKey: Guid(d15472a0ad9a62e49a54ad28cabd11cb) Importer(815301076,1909f56bfc062723c751e8b465ee728b)
Start importing Assets/Kitchen Asset/Prefabs/deeppan.prefab using Guid(d15472a0ad9a62e49a54ad28cabd11cb) Importer(815301076,1909f56bfc062723c751e8b465ee728b)  -> (artifact id: 'a27f9be0806de8a3d035e408d2c2cbcf') in 0.012642 seconds
Number of updated asset objects reloaded before import = 0
Number of asset objects unloaded after import = 6
========================================================================
Received Import Request.
  Time since last request: 0.000022 seconds.
  path: Assets/Package04_Free_Kitchen/FreeKitchen/Prefabs/Version03/Cabinet02WithEquipment.prefab
  artifactKey: Guid(5d867ba3ec64743609a5096e821ef2c2) Importer(815301076,1909f56bfc062723c751e8b465ee728b)
Start importing Assets/Package04_Free_Kitchen/FreeKitchen/Prefabs/Version03/Cabinet02WithEquipment.prefab using Guid(5d867ba3ec64743609a5096e821ef2c2) Importer(815301076,1909f56bfc062723c751e8b465ee728b)  -> (artifact id: '4f8cb27ecd318fdc6154e34276932466') in 1.304897 seconds
Number of updated asset objects reloaded before import = 0
Number of asset objects unloaded after import = 232
========================================================================
Received Import Request.
  Time since last request: 0.000036 seconds.
  path: Assets/Package04_Free_Kitchen/FreeKitchen/Prefabs/Version02/FreeExtractorHood.prefab
  artifactKey: Guid(c7e29f9db90054909a07a4b7127fc57d) Importer(815301076,1909f56bfc062723c751e8b465ee728b)
Start importing Assets/Package04_Free_Kitchen/FreeKitchen/Prefabs/Version02/FreeExtractorHood.prefab using Guid(c7e29f9db90054909a07a4b7127fc57d) Importer(815301076,1909f56bfc062723c751e8b465ee728b)  -> (artifact id: '82366ddc402b07c9bc1fb8b75fefd3d8') in 0.213383 seconds
Number of updated asset objects reloaded before import = 0
Number of asset objects unloaded after import = 13
========================================================================
Received Import Request.
  Time since last request: 0.000027 seconds.
  path: Assets/Package04_Free_Kitchen/FreeKitchen/Prefabs/Version01/Cabinet02WithEquipment.prefab
  artifactKey: Guid(c7967d1cea93a4ab18391a421dc86336) Importer(815301076,1909f56bfc062723c751e8b465ee728b)
Start importing Assets/Package04_Free_Kitchen/FreeKitchen/Prefabs/Version01/Cabinet02WithEquipment.prefab using Guid(c7967d1cea93a4ab18391a421dc86336) Importer(815301076,1909f56bfc062723c751e8b465ee728b)  -> (artifact id: '6e8d43de92dc9b4f27204f6d94226293') in 0.895874 seconds
Number of updated asset objects reloaded before import = 0
Number of asset objects unloaded after import = 232
========================================================================
Received Import Request.
  Time since last request: 0.000021 seconds.
  path: Assets/Package04_Free_Kitchen/FreeKitchen/Prefabs/Version01/FreeCup.prefab
  artifactKey: Guid(f088a608eb93f4105a92b8260cc18130) Importer(815301076,1909f56bfc062723c751e8b465ee728b)
Start importing Assets/Package04_Free_Kitchen/FreeKitchen/Prefabs/Version01/FreeCup.prefab using Guid(f088a608eb93f4105a92b8260cc18130) Importer(815301076,1909f56bfc062723c751e8b465ee728b)  -> (artifact id: '3d5484e3d2ab617b4cf6f8d74f9704fe') in 0.218963 seconds
Number of updated asset objects reloaded before import = 0
Number of asset objects unloaded after import = 13
========================================================================
Received Import Request.
  Time since last request: 0.000667 seconds.
  path: Assets/Package04_Free_Kitchen/FreeKitchen/Prefabs/Version02/FreeCabinet03.prefab
  artifactKey: Guid(dfa7877a09a8949199d86352f80adc8e) Importer(815301076,1909f56bfc062723c751e8b465ee728b)
Start importing Assets/Package04_Free_Kitchen/FreeKitchen/Prefabs/Version02/FreeCabinet03.prefab using Guid(dfa7877a09a8949199d86352f80adc8e) Importer(815301076,1909f56bfc062723c751e8b465ee728b)  -> (artifact id: '97329712372aa0b8c5d42fd0cc6ba27e') in 0.507167 seconds
Number of updated asset objects reloaded before import = 0
Number of asset objects unloaded after import = 57
========================================================================
Received Import Request.
  Time since last request: 0.000031 seconds.
  path: Assets/Kitchen Asset/Prefabs/CornFlakes.prefab
  artifactKey: Guid(95cb85553a003914f8143e52b614b08f) Importer(815301076,1909f56bfc062723c751e8b465ee728b)
Start importing Assets/Kitchen Asset/Prefabs/CornFlakes.prefab using Guid(95cb85553a003914f8143e52b614b08f) Importer(815301076,1909f56bfc062723c751e8b465ee728b)  -> (artifact id: 'e4811b22024cf7c0355e2ca14540b0f1') in 0.002840 seconds
Number of updated asset objects reloaded before import = 0
Number of asset objects unloaded after import = 6
========================================================================
Received Import Request.
  Time since last request: 0.000019 seconds.
  path: Assets/Package04_Free_Kitchen/FreeKitchen/Prefabs/Version03/FreeCabinet01.prefab
  artifactKey: Guid(5b5aea8c3144544028063b38853a8c80) Importer(815301076,1909f56bfc062723c751e8b465ee728b)
Start importing Assets/Package04_Free_Kitchen/FreeKitchen/Prefabs/Version03/FreeCabinet01.prefab using Guid(5b5aea8c3144544028063b38853a8c80) Importer(815301076,1909f56bfc062723c751e8b465ee728b)  -> (artifact id: '4df43e1b13acf87129d4fbbbb6aa9e5d') in 0.262676 seconds
Number of updated asset objects reloaded before import = 0
Number of asset objects unloaded after import = 51
========================================================================
Received Import Request.
  Time since last request: 0.000035 seconds.
  path: Assets/Kitchen Asset/FBX/Cap/Handle/Handle.fbx
  artifactKey: Guid(b93b8a7464145664f91ed38c3ddb2153) Importer(815301076,1909f56bfc062723c751e8b465ee728b)
Start importing Assets/Kitchen Asset/FBX/Cap/Handle/Handle.fbx using Guid(b93b8a7464145664f91ed38c3ddb2153) Importer(815301076,1909f56bfc062723c751e8b465ee728b)  -> (artifact id: '54dcd028075a87f291f9fa7e8c26026c') in 0.165971 seconds
Number of updated asset objects reloaded before import = 0
Number of asset objects unloaded after import = 11
========================================================================
Received Import Request.
  Time since last request: 0.000038 seconds.
  path: Assets/Package04_Free_Kitchen/FreeKitchen/Prefabs/Version03/FreeCoffeeMaker.prefab
  artifactKey: Guid(0975a667bd2f1479ea80c8967b87cf9f) Importer(815301076,1909f56bfc062723c751e8b465ee728b)
Start importing Assets/Package04_Free_Kitchen/FreeKitchen/Prefabs/Version03/FreeCoffeeMaker.prefab using Guid(0975a667bd2f1479ea80c8967b87cf9f) Importer(815301076,1909f56bfc062723c751e8b465ee728b)  -> (artifact id: '381e95291b35cb5c9d03f6e1a89cafe1') in 0.165543 seconds
Number of updated asset objects reloaded before import = 0
Number of asset objects unloaded after import = 13
========================================================================
Received Import Request.
  Time since last request: 0.000031 seconds.
  path: Assets/Package04_Free_Kitchen/FreeKitchen/Prefabs/Version01/FreeCabinet01_DoorLeft.prefab
  artifactKey: Guid(1a38065cf7a124a358a86f6ac65a1a34) Importer(815301076,1909f56bfc062723c751e8b465ee728b)
Start importing Assets/Package04_Free_Kitchen/FreeKitchen/Prefabs/Version01/FreeCabinet01_DoorLeft.prefab using Guid(1a38065cf7a124a358a86f6ac65a1a34) Importer(815301076,1909f56bfc062723c751e8b465ee728b)  -> (artifact id: '6758fd8bf884053a19222acbb90dfb86') in 0.160698 seconds
Number of updated asset objects reloaded before import = 0
Number of asset objects unloaded after import = 13
========================================================================
Received Prepare
Refreshing native plugins compatible for Editor in 16.27 ms, found 12 plugins.
Preloading 1 native plugins for Editor in 0.08 ms.
Unloading 0 Unused Serialized files (Serialized files now loaded: 0)
Unloading 0 unused Assets / (0 B). Loaded Objects now: 5172.
Memory consumption went from 86.5 MB to 86.5 MB.
Total: 5.517700 ms (FindLiveObjects: 0.387100 ms CreateObjectMapping: 0.399500 ms MarkObjects: 4.709700 ms  DeleteObjects: 0.020400 ms)

Prepare: number of updated asset objects reloaded= 0
AssetImportParameters requested are different than current active one (requested -> active):
  custom:video-decoder-webm-vp8: 9c59270c3fd7afecdb556c50c9e8de78 -> 
  custom:SearchIndexIgnoredProperties: e643bd26f0fe6173181afceb89e7c659 -> 
  custom:audio-encoder-webm-vorbis: bf7c407c2cedff20999df2af8eb42d56 -> 
  custom:AudioImporter_EditorPlatform: d09bf68614088b80899f8185d706f6e7 -> 
  custom:audio-decoder-ogg-vorbis: bf7c407c2cedff20999df2af8eb42d56 -> 
  custom:video-encoder-webm-vp8: eb34c28f22e8b96e1ab97ce403110664 -> 
  custom:container-demuxer-ogg: 62fdf1f143b41e24485cea50d1cbac27 -> 
  custom:framework-win-MediaFoundation: 216162199b28c13a410421893ffa2e32 -> 
  custom:video-decoder-ogg-theora: a1e56fd34408186e4bbccfd4996cb3dc -> 
  custom:container-muxer-webm: aa71ff27fc2769a1b78a27578f13a17b -> 
  custom:video-codec-MediaFoundation-h265: 746d11721c4dcdbdad8f713fa42b33f4 -> 
  custom:CustomObjectIndexerAttribute: 756ad292c208cfabdd7b50bc23989ffe -> 
  custom:container-demuxer-webm: 4f35f7cbe854078d1ac9338744f61a02 -> 
Editor requested this worker to shutdown with reason: Scaling down because of idle timeout
AssetImportWorker is now disconnected from the server
Process exiting
Exiting without the bug reporter. Application will terminate with return code 0